#
# A fatal error has been detected by the Java Runtime Environment:
#
#  EXCEPTION_ACCESS_VIOLATION (0xc0000005) at pc=0x00007ff859da075a, pid=11920, tid=0x0000000000001b78
#
# JRE version: Java(TM) SE Runtime Environment (8.0_151-b12) (build 1.8.0_151-b12)
# Java VM: Java HotSpot(TM) 64-Bit Server VM (25.151-b12 mixed mode windows-amd64 compressed oops)
# Problematic frame:
# C  [lwjgl_opengl.dll+0x1075a]
#
# Failed to write core dump. Minidumps are not enabled by default on client versions of Windows
#
# If you would like to submit a bug report, please visit:
#   http://bugreport.java.com/bugreport/crash.jsp
# The crash happened outside the Java Virtual Machine in native code.
# See problematic frame for where to report the bug.
#

---------------  T H R E A D  ---------------

Current thread (0x000000001bd1c800):  JavaThread "JavaFX Application Thread" [_thread_in_native, id=7032, stack(0x000000001cac0000,0x000000001cbc0000)]

siginfo: ExceptionCode=0xc0000005, reading address 0x0000000000002dc8

Registers:
RAX=0x0000000071181d50, RBX=0x0000000027ad4df0, RCX=0x0000000000000404, RDX=0x0000000000000000
RSP=0x000000001cbbd8a8, RBP=0x000000001cbbd918, RSI=0x0000000000001ae0, RDI=0x0000000004e5835d
R8 =0x0000000000000404, R9 =0x000000001bcd11e0, R10=0x0000000004e67f48, R11=0x0000000070c0b4d0
R12=0x0000000000000000, R13=0x0000000027ad4de8, R14=0x000000001cbbd938, R15=0x000000001bd1c800
RIP=0x00007ff859da075a, EFLAGS=0x0000000000010202

Top of Stack: (sp=0x000000001cbbd8a8)
0x000000001cbbd8a8:   0000000004e67f74 000000001bd1c800
0x000000001cbbd8b8:   0000000027ad4df0 0000000000001ae0
0x000000001cbbd8c8:   000000001bd1c800 0000000004e67ca2
0x000000001cbbd8d8:   000000001cbbd8d8 0000000027ad4de8
0x000000001cbbd8e8:   000000001cbbd938 0000000027aea888
0x000000001cbbd8f8:   0000000000000000 0000000027ad4df0
0x000000001cbbd908:   0000000000000000 000000001cbbd938
0x000000001cbbd918:   000000001cbbd980 0000000004e5835d
0x000000001cbbd928:   00000000d75b1e88 0000000004e619d8
0x000000001cbbd938:   0000000000000404 000000001cbbd940
0x000000001cbbd948:   00000000194132a2 000000001cbbd998
0x000000001cbbd958:   0000000019413400 0000000000000000
0x000000001cbbd968:   00000000194132e0 000000001cbbd938
0x000000001cbbd978:   000000001cbbd998 000000001cbbd9e0
0x000000001cbbd988:   0000000004e5835d 0000000000000000
0x000000001cbbd998:   00000000d6a02348 000000001cbbd9a0 

Instructions: (pc=0x00007ff859da075a)
0x00007ff859da073a:   48 ff a2 88 2d 00 00 cc cc cc cc cc cc cc cc cc
0x00007ff859da074a:   cc cc cc cc cc cc 48 8b 01 41 8b c8 48 8b 50 18
0x00007ff859da075a:   48 ff a2 c8 2d 00 00 cc cc cc cc cc cc cc cc cc
0x00007ff859da076a:   cc cc cc cc cc cc 40 53 48 83 ec 40 48 8b 01 41 


Register to memory mapping:

RAX=0x0000000071181d50 is an unknown value
RBX={method} {0x0000000027ad4df8} 'glReadBuffer' '(I)V' in 'org/lwjgl/opengl/GL11'
RCX=0x0000000000000404 is an unknown value
RDX=0x0000000000000000 is an unknown value
RSP=0x000000001cbbd8a8 is pointing into the stack for thread: 0x000000001bd1c800
RBP=0x000000001cbbd918 is pointing into the stack for thread: 0x000000001bd1c800
RSI=0x0000000000001ae0 is an unknown value
RDI=0x0000000004e5835d is at code_begin+2301 in an Interpreter codelet
invoke return entry points  [0x0000000004e57a60, 0x0000000004e58440]  2528 bytes
R8 =0x0000000000000404 is an unknown value
R9 =0x000000001bcd11e0 is an unknown value
R10=0x0000000004e67f48 is at code_begin+840 in an Interpreter codelet
method entry point (kind = native)  [0x0000000004e67c00, 0x0000000004e68560]  2400 bytes
R11=0x0000000070c0b4d0 is an unknown value
R12=0x0000000000000000 is an unknown value
R13=0x0000000027ad4de8 is pointing into metadata
R14=0x000000001cbbd938 is pointing into the stack for thread: 0x000000001bd1c800
R15=0x000000001bd1c800 is a thread


Stack: [0x000000001cac0000,0x000000001cbc0000],  sp=0x000000001cbbd8a8,  free space=1014k
Native frames: (J=compiled Java code, j=interpreted, Vv=VM code, C=native code)
C  [lwjgl_opengl.dll+0x1075a]

Java frames: (J=compiled Java code, j=interpreted, Vv=VM code)
j  org.lwjgl.opengl.GL11.glReadBuffer(I)V+0
j  fr.quinonero.gui.FxmlReader.initGL()V+90
j  fr.quinonero.gui.FxmlReader.start(Ljavafx/stage/Stage;)V+1
j  com.sun.javafx.application.LauncherImpl.lambda$launchApplication1$161(Ljava/util/concurrent/atomic/AtomicBoolean;Ljavafx/application/Application;)V+20
j  com.sun.javafx.application.LauncherImpl$$Lambda$53.run()V+8
j  com.sun.javafx.application.PlatformImpl.lambda$runAndWait$174(Ljava/lang/Runnable;Ljava/util/concurrent/CountDownLatch;)V+1
j  com.sun.javafx.application.PlatformImpl$$Lambda$47.run()V+8
j  com.sun.javafx.application.PlatformImpl.lambda$null$172(Ljava/lang/Runnable;)Ljava/lang/Void;+1
j  com.sun.javafx.application.PlatformImpl$$Lambda$49.run()Ljava/lang/Object;+4
v  ~StubRoutines::call_stub
j  java.security.AccessController.doPrivileged(Ljava/security/PrivilegedAction;Ljava/security/AccessControlContext;)Ljava/lang/Object;+0
j  com.sun.javafx.application.PlatformImpl.lambda$runLater$173(Ljava/lang/Runnable;Ljava/security/AccessControlContext;)V+7
j  com.sun.javafx.application.PlatformImpl$$Lambda$48.run()V+8
j  com.sun.glass.ui.InvokeLaterDispatcher$Future.run()V+4
v  ~StubRoutines::call_stub
j  com.sun.glass.ui.win.WinApplication._runLoop(Ljava/lang/Runnable;)V+0
j  com.sun.glass.ui.win.WinApplication.lambda$null$147(ILjava/lang/Runnable;)V+8
j  com.sun.glass.ui.win.WinApplication$$Lambda$37.run()V+12
j  java.lang.Thread.run()V+11
v  ~StubRoutines::call_stub

---------------  P R O C E S S  ---------------

Java Threads: ( => current thread )
  0x000000001bd56800 JavaThread "Thread-3" daemon [_thread_in_native, id=8508, stack(0x0000000023150000,0x0000000023250000)]
  0x000000001bd5a800 JavaThread "JavaFX-Launcher" [_thread_blocked, id=1296, stack(0x0000000023250000,0x0000000023350000)]
=>0x000000001bd1c800 JavaThread "JavaFX Application Thread" [_thread_in_native, id=7032, stack(0x000000001cac0000,0x000000001cbc0000)]
  0x000000001bcd2800 JavaThread "Thread-1" daemon [_thread_blocked, id=11352, stack(0x000000001c9c0000,0x000000001cac0000)]
  0x000000001bca5000 JavaThread "QuantumRenderer-0" daemon [_thread_blocked, id=11164, stack(0x000000001c410000,0x000000001c510000)]
  0x000000001b35a000 JavaThread "Service Thread" daemon [_thread_blocked, id=8492, stack(0x000000001b830000,0x000000001b930000)]
  0x000000001b338800 JavaThread "C1 CompilerThread2" daemon [_thread_blocked, id=5380, stack(0x000000001b730000,0x000000001b830000)]
  0x000000001b2d5000 JavaThread "C2 CompilerThread1" daemon [_thread_blocked, id=10924, stack(0x000000001b630000,0x000000001b730000)]
  0x000000001b2d2000 JavaThread "C2 CompilerThread0" daemon [_thread_blocked, id=8016, stack(0x000000001b530000,0x000000001b630000)]
  0x000000001b25a800 JavaThread "Monitor Ctrl-Break" daemon [_thread_in_native, id=1504, stack(0x000000001b430000,0x000000001b530000)]
  0x00000000199b2000 JavaThread "Attach Listener" daemon [_thread_blocked, id=3896, stack(0x000000001af30000,0x000000001b030000)]
  0x00000000199b1800 JavaThread "Signal Dispatcher" daemon [_thread_blocked, id=3804, stack(0x000000001ae30000,0x000000001af30000)]
  0x00000000199a0000 JavaThread "Finalizer" daemon [_thread_blocked, id=9288, stack(0x000000001ac10000,0x000000001ad10000)]
  0x0000000004e48000 JavaThread "Reference Handler" daemon [_thread_blocked, id=11792, stack(0x000000001ab10000,0x000000001ac10000)]
  0x0000000004d56000 JavaThread "main" [_thread_blocked, id=7308, stack(0x0000000004ac0000,0x0000000004bc0000)]

Other Threads:
  0x0000000019977800 VMThread [stack: 0x000000001aa10000,0x000000001ab10000] [id=4204]
  0x000000001b3ff800 WatcherThread [stack: 0x000000001b930000,0x000000001ba30000] [id=2448]

VM state:not at safepoint (normal execution)

VM Mutex/Monitor currently owned by a thread: None

Heap:
 PSYoungGen      total 38400K, used 25970K [0x00000000d5d00000, 0x00000000d8780000, 0x0000000100000000)
  eden space 33280K, 78% used [0x00000000d5d00000,0x00000000d765c918,0x00000000d7d80000)
  from space 5120K, 0% used [0x00000000d8280000,0x00000000d8280000,0x00000000d8780000)
  to   space 5120K, 0% used [0x00000000d7d80000,0x00000000d7d80000,0x00000000d8280000)
 ParOldGen       total 87552K, used 0K [0x0000000081600000, 0x0000000086b80000, 0x00000000d5d00000)
  object space 87552K, 0% used [0x0000000081600000,0x0000000081600000,0x0000000086b80000)
 Metaspace       used 9259K, capacity 9652K, committed 9984K, reserved 1058816K
  class space    used 1062K, capacity 1196K, committed 1280K, reserved 1048576K

Card table byte_map: [0x0000000014210000,0x0000000014610000] byte_map_base: 0x0000000013e05000

Marking Bits: (ParMarkBitMap*) 0x00000000711fd850
 Begin Bits: [0x0000000014cc0000, 0x0000000016c68000)
 End Bits:   [0x0000000016c68000, 0x0000000018c10000)

Polling page: 0x0000000002e30000

CodeCache: size=245760Kb used=3251Kb max_used=3263Kb free=242508Kb
 bounds [0x0000000004e50000, 0x0000000005190000, 0x0000000013e50000]
 total_blobs=1562 nmethods=742 adapters=733
 compilation: enabled

Compilation events (10 events):
Event: 0.854 Thread 0x000000001b338800 nmethod 736 0x0000000005178450 code [0x0000000005178660, 0x00000000051792b8]
Event: 0.854 Thread 0x000000001b338800  738       3       sun.nio.ch.Util::offerFirstTemporaryDirectBuffer (53 bytes)
Event: 0.854 Thread 0x000000001b338800 nmethod 738 0x00000000051798d0 code [0x0000000005179ae0, 0x000000000517a538]
Event: 0.854 Thread 0x000000001b338800  739       3       sun.nio.ch.Util$BufferCache::next (8 bytes)
Event: 0.855 Thread 0x000000001b338800 nmethod 739 0x000000000517a910 code [0x000000000517aa80, 0x000000000517ac50]
Event: 0.855 Thread 0x000000001b338800  740       3       sun.nio.fs.WindowsPathParser::isInvalidPathChar (22 bytes)
Event: 0.855 Thread 0x000000001b338800 nmethod 740 0x000000000517ad10 code [0x000000000517ae80, 0x000000000517b1e8]
Event: 0.857 Thread 0x000000001b338800  741       3       java.io.WinNTFileSystem::resolve (231 bytes)
Event: 0.857 Thread 0x000000001b2d5000  742       4       java.lang.String::indexOf (166 bytes)
Event: 0.858 Thread 0x000000001b338800 nmethod 741 0x000000000517b2d0 code [0x000000000517b5a0, 0x000000000517ce28]

GC Heap History (0 events):
No events

Deoptimization events (4 events):
Event: 0.324 Thread 0x0000000004d56000 Uncommon trap: reason=null_check action=make_not_entrant pc=0x0000000004f6ae38 method=java.lang.String.equals(Ljava/lang/Object;)Z @ 8
Event: 0.560 Thread 0x000000001bd1c800 Uncommon trap: reason=unstable_if action=reinterpret pc=0x00000000050374cc method=java.lang.String.replace(CC)Ljava/lang/String; @ 26
Event: 0.612 Thread 0x000000001bd1c800 Uncommon trap: reason=unstable_if action=reinterpret pc=0x000000000509f6f4 method=java.lang.String.lastIndexOf([CII[CIII)I @ 66
Event: 0.680 Thread 0x000000001bd1c800 Uncommon trap: reason=unstable_if action=reinterpret pc=0x0000000005005620 method=java.lang.String.indexOf([CII[CIII)I @ 3

Internal exceptions (10 events):
Event: 0.749 Thread 0x000000001bd1c800 Exception <a 'java/security/PrivilegedActionException'> (0x00000000d751f0f0) thrown at [C:\re\workspace\8-2-build-windows-amd64-cygwin\jdk8u151\9699\hotspot\src\share\vm\prims\jvm.cpp, line 1390]
Event: 0.749 Thread 0x000000001bd1c800 Exception <a 'java/security/PrivilegedActionException'> (0x00000000d751f300) thrown at [C:\re\workspace\8-2-build-windows-amd64-cygwin\jdk8u151\9699\hotspot\src\share\vm\prims\jvm.cpp, line 1390]
Event: 0.855 Thread 0x000000001bd1c800 Exception <a 'sun/nio/fs/WindowsException'> (0x00000000d7608818) thrown at [C:\re\workspace\8-2-build-windows-amd64-cygwin\jdk8u151\9699\hotspot\src\share\vm\prims\jni.cpp, line 709]
Event: 0.855 Thread 0x000000001bd1c800 Exception <a 'sun/nio/fs/WindowsException'> (0x00000000d760a228) thrown at [C:\re\workspace\8-2-build-windows-amd64-cygwin\jdk8u151\9699\hotspot\src\share\vm\prims\jni.cpp, line 709]
Event: 0.857 Thread 0x000000001bd1c800 Exception <a 'java/security/PrivilegedActionException'> (0x00000000d7620590) thrown at [C:\re\workspace\8-2-build-windows-amd64-cygwin\jdk8u151\9699\hotspot\src\share\vm\prims\jvm.cpp, line 1390]
Event: 0.857 Thread 0x000000001bd1c800 Exception <a 'java/security/PrivilegedActionException'> (0x00000000d7620988) thrown at [C:\re\workspace\8-2-build-windows-amd64-cygwin\jdk8u151\9699\hotspot\src\share\vm\prims\jvm.cpp, line 1390]
Event: 0.858 Thread 0x000000001bd1c800 Exception <a 'java/security/PrivilegedActionException'> (0x00000000d7622e48) thrown at [C:\re\workspace\8-2-build-windows-amd64-cygwin\jdk8u151\9699\hotspot\src\share\vm\prims\jvm.cpp, line 1390]
Event: 0.858 Thread 0x000000001bd1c800 Exception <a 'java/security/PrivilegedActionException'> (0x00000000d7623240) thrown at [C:\re\workspace\8-2-build-windows-amd64-cygwin\jdk8u151\9699\hotspot\src\share\vm\prims\jvm.cpp, line 1390]
Event: 0.858 Thread 0x000000001bd1c800 Exception <a 'java/security/PrivilegedActionException'> (0x00000000d76287f0) thrown at [C:\re\workspace\8-2-build-windows-amd64-cygwin\jdk8u151\9699\hotspot\src\share\vm\prims\jvm.cpp, line 1390]
Event: 0.858 Thread 0x000000001bd1c800 Exception <a 'java/security/PrivilegedActionException'> (0x00000000d7628be8) thrown at [C:\re\workspace\8-2-build-windows-amd64-cygwin\jdk8u151\9699\hotspot\src\share\vm\prims\jvm.cpp, line 1390]

Events (10 events):
Event: 0.856 loading class java/nio/file/FileSystemException done
Event: 0.856 loading class java/nio/file/NoSuchFileException done
Event: 0.856 loading class org/lwjgl/opengl/GL$1
Event: 0.856 loading class org/lwjgl/opengl/GL$1 done
Event: 0.856 loading class org/lwjgl/opengl/GL$SharedLibraryGL
Event: 0.856 loading class org/lwjgl/opengl/GL$SharedLibraryGL done
Event: 0.857 loading class org/lwjgl/system/SharedLibrary$Delegate
Event: 0.857 loading class org/lwjgl/system/SharedLibrary$Delegate done
Event: 0.857 Thread 0x000000001bd1c800 DEOPT PACKING pc=0x00000000050fb436 sp=0x000000001cbb56b0
Event: 0.857 Thread 0x000000001bd1c800 DEOPT UNPACKING pc=0x0000000004e9787f sp=0x000000001cbb5388 mode 0


Dynamic libraries:
0x00007ff73aae0000 - 0x00007ff73ab17000 	C:\Program Files\Java\jdk1.8.0_151\bin\java.exe
0x00007ff889890000 - 0x00007ff889a70000 	C:\WINDOWS\SYSTEM32\ntdll.dll
0x00007ff8893c0000 - 0x00007ff88946e000 	C:\WINDOWS\System32\KERNEL32.DLL
0x00007ff886150000 - 0x00007ff8863b6000 	C:\WINDOWS\System32\KERNELBASE.dll
0x00007ff886dd0000 - 0x00007ff886e71000 	C:\WINDOWS\System32\ADVAPI32.dll
0x00007ff886e80000 - 0x00007ff886f1d000 	C:\WINDOWS\System32\msvcrt.dll
0x00007ff887f10000 - 0x00007ff887f6b000 	C:\WINDOWS\System32\sechost.dll
0x00007ff887330000 - 0x00007ff88744f000 	C:\WINDOWS\System32\RPCRT4.dll
0x00007ff886f20000 - 0x00007ff8870af000 	C:\WINDOWS\System32\USER32.dll
0x00007ff885da0000 - 0x00007ff885dc0000 	C:\WINDOWS\System32\win32u.dll
0x00007ff8878b0000 - 0x00007ff8878d8000 	C:\WINDOWS\System32\GDI32.dll
0x00007ff885dc0000 - 0x00007ff885f53000 	C:\WINDOWS\System32\gdi32full.dll
0x00007ff885f60000 - 0x00007ff885ffb000 	C:\WINDOWS\System32\msvcp_win.dll
0x00007ff886050000 - 0x00007ff886146000 	C:\WINDOWS\System32\ucrtbase.dll
0x00007ff875c70000 - 0x00007ff875ed9000 	C:\WINDOWS\WinSxS\amd64_microsoft.windows.common-controls_6595b64144ccf1df_6.0.16299.371_none_15c7d1789365a290\COMCTL32.dll
0x00007ff8894d0000 - 0x00007ff8897d8000 	C:\WINDOWS\System32\combase.dll
0x00007ff8863c0000 - 0x00007ff886432000 	C:\WINDOWS\System32\bcryptPrimitives.dll
0x00007ff887450000 - 0x00007ff88747d000 	C:\WINDOWS\System32\IMM32.DLL
0x0000000072720000 - 0x00000000727f2000 	C:\Program Files\Java\jdk1.8.0_151\jre\bin\msvcr100.dll
0x00000000709e0000 - 0x000000007127d000 	C:\Program Files\Java\jdk1.8.0_151\jre\bin\server\jvm.dll
0x00007ff887f70000 - 0x00007ff887f78000 	C:\WINDOWS\System32\PSAPI.DLL
0x00007ff8828c0000 - 0x00007ff8828c9000 	C:\WINDOWS\SYSTEM32\WSOCK32.dll
0x00007ff887d30000 - 0x00007ff887d9c000 	C:\WINDOWS\System32\WS2_32.dll
0x00007ff8833a0000 - 0x00007ff8833c3000 	C:\WINDOWS\SYSTEM32\WINMM.dll
0x00007ff87cbe0000 - 0x00007ff87cbea000 	C:\WINDOWS\SYSTEM32\VERSION.dll
0x00007ff882f40000 - 0x00007ff882f6a000 	C:\WINDOWS\SYSTEM32\WINMMBASE.dll
0x00007ff886000000 - 0x00007ff88604a000 	C:\WINDOWS\System32\cfgmgr32.dll
0x0000000072710000 - 0x000000007271f000 	C:\Program Files\Java\jdk1.8.0_151\jre\bin\verify.dll
0x00000000726e0000 - 0x0000000072709000 	C:\Program Files\Java\jdk1.8.0_151\jre\bin\java.dll
0x00000000726b0000 - 0x00000000726d3000 	C:\Program Files\Java\jdk1.8.0_151\jre\bin\instrument.dll
0x0000000072690000 - 0x00000000726a6000 	C:\Program Files\Java\jdk1.8.0_151\jre\bin\zip.dll
0x00007ff887f80000 - 0x00007ff8893b6000 	C:\WINDOWS\System32\SHELL32.dll
0x00007ff8870b0000 - 0x00007ff887156000 	C:\WINDOWS\System32\shcore.dll
0x00007ff886440000 - 0x00007ff886b87000 	C:\WINDOWS\System32\windows.storage.dll
0x00007ff886d70000 - 0x00007ff886dc1000 	C:\WINDOWS\System32\shlwapi.dll
0x00007ff885c50000 - 0x00007ff885c61000 	C:\WINDOWS\System32\kernel.appcore.dll
0x00007ff885be0000 - 0x00007ff885c2c000 	C:\WINDOWS\System32\powrprof.dll
0x00007ff885c30000 - 0x00007ff885c4b000 	C:\WINDOWS\System32\profapi.dll
0x00007ff87b300000 - 0x00007ff87b31a000 	C:\Users\isador\AppData\Local\JetBrains\Toolbox\apps\IDEA-U\ch-0\173.3727.127\bin\breakgen64.dll
0x0000000072580000 - 0x000000007259a000 	C:\Program Files\Java\jdk1.8.0_151\jre\bin\net.dll
0x00007ff885470000 - 0x00007ff8854d6000 	C:\WINDOWS\system32\mswsock.dll
0x0000000004980000 - 0x0000000004983000 	C:\Program Files\Java\jdk1.8.0_151\jre\bin\api-ms-win-core-console-l1-1-0.dll
0x0000000004990000 - 0x0000000004993000 	C:\Program Files\Java\jdk1.8.0_151\jre\bin\api-ms-win-core-datetime-l1-1-0.dll
0x00000000049a0000 - 0x00000000049a3000 	C:\Program Files\Java\jdk1.8.0_151\jre\bin\api-ms-win-core-debug-l1-1-0.dll
0x0000000004bc0000 - 0x0000000004bc3000 	C:\Program Files\Java\jdk1.8.0_151\jre\bin\api-ms-win-core-errorhandling-l1-1-0.dll
0x0000000004bd0000 - 0x0000000004bd4000 	C:\Program Files\Java\jdk1.8.0_151\jre\bin\api-ms-win-core-file-l1-1-0.dll
0x0000000004be0000 - 0x0000000004be3000 	C:\Program Files\Java\jdk1.8.0_151\jre\bin\api-ms-win-core-file-l1-2-0.dll
0x0000000004bf0000 - 0x0000000004bf3000 	C:\Program Files\Java\jdk1.8.0_151\jre\bin\api-ms-win-core-file-l2-1-0.dll
0x0000000004c00000 - 0x0000000004c03000 	C:\Program Files\Java\jdk1.8.0_151\jre\bin\api-ms-win-core-handle-l1-1-0.dll
0x0000000004d20000 - 0x0000000004d23000 	C:\Program Files\Java\jdk1.8.0_151\jre\bin\api-ms-win-core-heap-l1-1-0.dll
0x0000000004d30000 - 0x0000000004d33000 	C:\Program Files\Java\jdk1.8.0_151\jre\bin\api-ms-win-core-interlocked-l1-1-0.dll
0x000000001c230000 - 0x000000001c233000 	C:\Program Files\Java\jdk1.8.0_151\jre\bin\api-ms-win-core-libraryloader-l1-1-0.dll
0x000000001c240000 - 0x000000001c243000 	C:\Program Files\Java\jdk1.8.0_151\jre\bin\api-ms-win-core-localization-l1-2-0.dll
0x000000001c250000 - 0x000000001c253000 	C:\Program Files\Java\jdk1.8.0_151\jre\bin\api-ms-win-core-memory-l1-1-0.dll
0x000000001c260000 - 0x000000001c263000 	C:\Program Files\Java\jdk1.8.0_151\jre\bin\api-ms-win-core-namedpipe-l1-1-0.dll
0x000000001c270000 - 0x000000001c273000 	C:\Program Files\Java\jdk1.8.0_151\jre\bin\api-ms-win-core-processenvironment-l1-1-0.dll
0x000000001c280000 - 0x000000001c283000 	C:\Program Files\Java\jdk1.8.0_151\jre\bin\api-ms-win-core-processthreads-l1-1-0.dll
0x000000001c290000 - 0x000000001c293000 	C:\Program Files\Java\jdk1.8.0_151\jre\bin\api-ms-win-core-processthreads-l1-1-1.dll
0x000000001c2a0000 - 0x000000001c2a3000 	C:\Program Files\Java\jdk1.8.0_151\jre\bin\api-ms-win-core-profile-l1-1-0.dll
0x000000001c2b0000 - 0x000000001c2b3000 	C:\Program Files\Java\jdk1.8.0_151\jre\bin\api-ms-win-core-rtlsupport-l1-1-0.dll
0x000000001c2c0000 - 0x000000001c2c3000 	C:\Program Files\Java\jdk1.8.0_151\jre\bin\api-ms-win-core-string-l1-1-0.dll
0x000000001c2d0000 - 0x000000001c2d3000 	C:\Program Files\Java\jdk1.8.0_151\jre\bin\api-ms-win-core-synch-l1-1-0.dll
0x000000001c2e0000 - 0x000000001c2e3000 	C:\Program Files\Java\jdk1.8.0_151\jre\bin\api-ms-win-core-synch-l1-2-0.dll
0x000000001c2f0000 - 0x000000001c2f3000 	C:\Program Files\Java\jdk1.8.0_151\jre\bin\api-ms-win-core-sysinfo-l1-1-0.dll
0x000000001c300000 - 0x000000001c303000 	C:\Program Files\Java\jdk1.8.0_151\jre\bin\api-ms-win-core-timezone-l1-1-0.dll
0x000000001c310000 - 0x000000001c313000 	C:\Program Files\Java\jdk1.8.0_151\jre\bin\api-ms-win-core-util-l1-1-0.dll
0x000000001c320000 - 0x000000001c323000 	C:\Program Files\Java\jdk1.8.0_151\jre\bin\api-ms-win-crt-conio-l1-1-0.dll
0x000000001c330000 - 0x000000001c334000 	C:\Program Files\Java\jdk1.8.0_151\jre\bin\api-ms-win-crt-convert-l1-1-0.dll
0x000000001c340000 - 0x000000001c343000 	C:\Program Files\Java\jdk1.8.0_151\jre\bin\api-ms-win-crt-environment-l1-1-0.dll
0x000000001c350000 - 0x000000001c353000 	C:\Program Files\Java\jdk1.8.0_151\jre\bin\api-ms-win-crt-filesystem-l1-1-0.dll
0x000000001c360000 - 0x000000001c363000 	C:\Program Files\Java\jdk1.8.0_151\jre\bin\api-ms-win-crt-heap-l1-1-0.dll
0x000000001c370000 - 0x000000001c373000 	C:\Program Files\Java\jdk1.8.0_151\jre\bin\api-ms-win-crt-locale-l1-1-0.dll
0x000000001c380000 - 0x000000001c385000 	C:\Program Files\Java\jdk1.8.0_151\jre\bin\api-ms-win-crt-math-l1-1-0.dll
0x000000001c390000 - 0x000000001c395000 	C:\Program Files\Java\jdk1.8.0_151\jre\bin\api-ms-win-crt-multibyte-l1-1-0.dll
0x000000001c3a0000 - 0x000000001c3b0000 	C:\Program Files\Java\jdk1.8.0_151\jre\bin\api-ms-win-crt-private-l1-1-0.dll
0x000000001c3b0000 - 0x000000001c3b3000 	C:\Program Files\Java\jdk1.8.0_151\jre\bin\api-ms-win-crt-process-l1-1-0.dll
0x000000001c3c0000 - 0x000000001c3c4000 	C:\Program Files\Java\jdk1.8.0_151\jre\bin\api-ms-win-crt-runtime-l1-1-0.dll
0x000000001c3d0000 - 0x000000001c3d4000 	C:\Program Files\Java\jdk1.8.0_151\jre\bin\api-ms-win-crt-stdio-l1-1-0.dll
0x000000001c3e0000 - 0x000000001c3e4000 	C:\Program Files\Java\jdk1.8.0_151\jre\bin\api-ms-win-crt-string-l1-1-0.dll
0x000000001c3f0000 - 0x000000001c3f3000 	C:\Program Files\Java\jdk1.8.0_151\jre\bin\api-ms-win-crt-time-l1-1-0.dll
0x000000001c400000 - 0x000000001c403000 	C:\Program Files\Java\jdk1.8.0_151\jre\bin\api-ms-win-crt-utility-l1-1-0.dll
0x00007ff8512e0000 - 0x00007ff8513d6000 	C:\Program Files\Java\jdk1.8.0_151\jre\bin\ucrtbase.dll
0x00007ff87b2a0000 - 0x00007ff87b2f1000 	C:\Program Files\Java\jdk1.8.0_151\jre\bin\concrt140.dll
0x00007ff853510000 - 0x00007ff8535af000 	C:\WINDOWS\SYSTEM32\MSVCP140.dll
0x00007ff875ba0000 - 0x00007ff875bb6000 	C:\WINDOWS\SYSTEM32\VCRUNTIME140.dll
0x00007ff87b280000 - 0x00007ff87b296000 	C:\Program Files\Java\jdk1.8.0_151\jre\bin\vcruntime140.dll
0x00007ff858a90000 - 0x00007ff858b2c000 	C:\Program Files\Java\jdk1.8.0_151\jre\bin\msvcp140.dll
0x0000000072550000 - 0x0000000072573000 	C:\Program Files\Java\jdk1.8.0_151\jre\bin\prism_d3d.dll
0x00007ff87f330000 - 0x00007ff87f4c5000 	C:\WINDOWS\system32\d3d9.dll
0x00007ff8845b0000 - 0x00007ff8845da000 	C:\WINDOWS\SYSTEM32\dwmapi.dll
0x00007ff884130000 - 0x00007ff8841c5000 	C:\WINDOWS\system32\uxtheme.dll
0x00007ff82c230000 - 0x00007ff82ff3b000 	C:\WINDOWS\System32\DriverStore\FileRepository\igdlh64.inf_amd64_2e329e8610bbb375\igdumdim64.dll
0x00007ff8878e0000 - 0x00007ff887d2e000 	C:\WINDOWS\System32\SETUPAPI.dll
0x00007ff887760000 - 0x00007ff8878a9000 	C:\WINDOWS\System32\ole32.dll
0x00007ff887da0000 - 0x00007ff887e65000 	C:\WINDOWS\System32\OLEAUT32.dll
0x0000000072500000 - 0x0000000072549000 	C:\Program Files\Java\jdk1.8.0_151\jre\bin\glass.dll
0x00007ff8874a0000 - 0x00007ff8875aa000 	C:\WINDOWS\System32\COMDLG32.dll
0x00007ff887160000 - 0x00007ff8872c7000 	C:\WINDOWS\System32\MSCTF.dll
0x00007ff87b5d0000 - 0x00007ff87cbdc000 	C:\WINDOWS\System32\DriverStore\FileRepository\igdlh64.inf_amd64_2e329e8610bbb375\igc64.dll
0x00000000724e0000 - 0x00000000724f1000 	C:\Program Files\Java\jdk1.8.0_151\jre\bin\nio.dll
0x00007ff87b1d0000 - 0x00007ff87b22b000 	C:\Users\isador\AppData\Local\Temp\lwjglisador\3.1.6-build-14\lwjgl.dll
0x00007ff85cb20000 - 0x00007ff85cb71000 	C:\Users\isador\AppData\Local\Temp\lwjglisador\3.1.6-build-14\glfw.dll
0x00007ff8755a0000 - 0x00007ff8755e3000 	C:\WINDOWS\SYSTEM32\dinput8.dll
0x00007ff882a40000 - 0x00007ff882a50000 	C:\WINDOWS\SYSTEM32\xinput1_4.dll
0x00007ff8859f0000 - 0x00007ff885a17000 	C:\WINDOWS\SYSTEM32\DEVOBJ.dll
0x00007ff884990000 - 0x00007ff88499c000 	C:\WINDOWS\SYSTEM32\HID.DLL
0x00007ff885c90000 - 0x00007ff885ce8000 	C:\WINDOWS\System32\WINTRUST.dll
0x00007ff885c70000 - 0x00007ff885c82000 	C:\WINDOWS\System32\MSASN1.dll
0x00007ff886b90000 - 0x00007ff886d5e000 	C:\WINDOWS\System32\CRYPT32.dll
0x00007ff87f130000 - 0x00007ff87f15e000 	C:\WINDOWS\SYSTEM32\inputhost.dll
0x00007ff882b40000 - 0x00007ff882c1c000 	C:\WINDOWS\SYSTEM32\CoreMessaging.dll
0x00007ff880910000 - 0x00007ff880bfe000 	C:\WINDOWS\SYSTEM32\CoreUIComponents.dll
0x00007ff884d40000 - 0x00007ff884d71000 	C:\WINDOWS\SYSTEM32\ntmarta.dll
0x00007ff881cd0000 - 0x00007ff881e06000 	C:\WINDOWS\SYSTEM32\wintypes.dll
0x00007ff8755f0000 - 0x00007ff87570e000 	C:\WINDOWS\SYSTEM32\opengl32.dll
0x00007ff877e40000 - 0x00007ff877e6c000 	C:\WINDOWS\SYSTEM32\GLU32.dll
0x00007ff83d470000 - 0x00007ff83e380000 	C:\WINDOWS\System32\DriverStore\FileRepository\igdlh64.inf_amd64_2e329e8610bbb375\ig9icd64.dll
0x00007ff882970000 - 0x00007ff882983000 	C:\WINDOWS\SYSTEM32\WTSAPI32.dll
0x00007ff884a40000 - 0x00007ff884aef000 	C:\WINDOWS\SYSTEM32\dxgi.dll
0x00007ff879060000 - 0x00007ff8790f8000 	C:\WINDOWS\System32\TextInputFramework.dll
0x00007ff859d90000 - 0x00007ff859def000 	C:\Users\isador\AppData\Local\Temp\lwjglisador\3.1.6-build-14\lwjgl_opengl.dll
0x00007ff865d10000 - 0x00007ff865ed8000 	C:\WINDOWS\SYSTEM32\dbghelp.dll

VM Arguments:
jvm_args: -javaagent:C:\Users\isador\AppData\Local\JetBrains\Toolbox\apps\IDEA-U\ch-0\173.3727.127\lib\idea_rt.jar=57570:C:\Users\isador\AppData\Local\JetBrains\Toolbox\apps\IDEA-U\ch-0\173.3727.127\bin -Dfile.encoding=UTF-8 
java_command: fr.quinonero.gui.FxmlReader
java_class_path (initial): C:\Program Files\Java\jdk1.8.0_151\jre\lib\charsets.jar;C:\Program Files\Java\jdk1.8.0_151\jre\lib\deploy.jar;C:\Program Files\Java\jdk1.8.0_151\jre\lib\ext\access-bridge-64.jar;C:\Program Files\Java\jdk1.8.0_151\jre\lib\ext\cldrdata.jar;C:\Program Files\Java\jdk1.8.0_151\jre\lib\ext\dnsns.jar;C:\Program Files\Java\jdk1.8.0_151\jre\lib\ext\jaccess.jar;C:\Program Files\Java\jdk1.8.0_151\jre\lib\ext\jfxrt.jar;C:\Program Files\Java\jdk1.8.0_151\jre\lib\ext\localedata.jar;C:\Program Files\Java\jdk1.8.0_151\jre\lib\ext\nashorn.jar;C:\Program Files\Java\jdk1.8.0_151\jre\lib\ext\sunec.jar;C:\Program Files\Java\jdk1.8.0_151\jre\lib\ext\sunjce_provider.jar;C:\Program Files\Java\jdk1.8.0_151\jre\lib\ext\sunmscapi.jar;C:\Program Files\Java\jdk1.8.0_151\jre\lib\ext\sunpkcs11.jar;C:\Program Files\Java\jdk1.8.0_151\jre\lib\ext\zipfs.jar;C:\Program Files\Java\jdk1.8.0_151\jre\lib\javaws.jar;C:\Program Files\Java\jdk1.8.0_151\jre\lib\jce.jar;C:\Program Files\Java\jdk1.8.0_151\jre\lib\jfr.jar;C:\Program Files\Java\jdk1.8.0_151\jre\lib\jfxswt.jar;C:\Program Files\Java\jdk1.8.0_151\jre\lib\jsse.jar;C:\Program Files\Java\jdk1.8.0_151\jre\lib\management-agent.jar;C:\Program Files\Java\jdk1.8.0_151\jre\lib\plugin.jar;C:\Program Files\Java\jdk1.8.0_151\jre\lib\resources.jar;C:\Program Files\Java\jdk1.8.0_151\jre\lib\rt.jar;C:\Users\isador\IdeaProject\electrowave-simulator\out\production\classes;C:\Users\isador\IdeaProject\electrowave-simulator\out\production\resources;C:\Users\isador\.gradle\caches\modules-2\files-2.1\org.lwjgl\lwjgl-assimp\3.1.6\11420947d50dbfd70cb942a1e768a6f0b0336a95\lwjgl-assimp-3.1.6.jar;C:\Users\isador\.gradle\caches\modules-2\files-2.1\org.lwjgl\lwjgl-openvr\3.1.6\393ed9c27af2ffe4b4917412a60201b1b9516171\lwjgl-openvr-3.1.6-natives-windows.jar;C:\Users\isador\.gradle\caches\modules-2\files-2.1\org.lwjgl\lwjgl-bgfx\3.1.6\f90fb13936616d16b2adcd9a24671a68c2070aed\lwjgl-bgfx-3.1.6.jar;C:\Users\isador\.gradle\caches\modules-2\files-2.1\org.lw
Launcher Type: SUN_STANDARD

Environment Variables:
PATH=C:\ProgramData\Oracle\Java\javapath;C:\Windows\system32;C:\Windows;C:\Windows\System32\Wbem;C:\Windows\System32\WindowsPowerShell\v1.0\;C:\Program Files\Git\cmd;C:\Program Files (x86)\NVIDIA Corporation\PhysX\Common;C:\WINDOWS\system32;C:\WINDOWS;C:\WINDOWS\System32\Wbem;C:\WINDOWS\System32\WindowsPowerShell\v1.0\;C:\cygwin64\bin\;C:\Users\isador\AppData\Local\bin\NASM\;C:\Program Files\Microsoft SQL Server\Client SDK\ODBC\110\Tools\Binn\;C:\Program Files (x86)\Microsoft SQL Server\120\Tools\Binn\;C:\Program Files\Microsoft SQL Server\120\Tools\Binn\;C:\Program Files\Microsoft SQL Server\120\DTS\Binn\;C:\Program Files (x86)\Windows Kits\8.1\Windows Performance Toolkit\;C:\Users\isador\AppData\Local\Microsoft\WindowsApps;
USERNAME=isador
OS=Windows_NT
PROCESSOR_IDENTIFIER=Intel64 Family 6 Model 94 Stepping 3, GenuineIntel



---------------  S Y S T E M  ---------------

OS: Windows 10.0 , 64 bit Build 16299 (10.0.16299.15)

CPU:total 4 (initial active 4) (4 cores per cpu, 1 threads per core) family 6 model 94 stepping 3, cmov, cx8, fxsr, mmx, sse, sse2, sse3, ssse3, sse4.1, sse4.2, popcnt, avx, avx2, aes, clmul, erms, rtm, 3dnowpref, lzcnt, tsc, tscinvbit, bmi1, bmi2, adx

Memory: 4k page, physical 8290884k(3635036k free), swap 10511084k(4050676k free)

vm_info: Java HotSpot(TM) 64-Bit Server VM (25.151-b12) for windows-amd64 JRE (1.8.0_151-b12), built on Sep  5 2017 19:33:46 by "java_re" with MS VC++ 10.0 (VS2010)

time: Sun Apr 22 23:37:03 2018
elapsed time: 0 seconds (0d 0h 0m 0s)

