#
# A fatal error has been detected by the Java Runtime Environment:
#
#  EXCEPTION_ACCESS_VIOLATION (0xc0000005) at pc=0x00007ff875b707b2, pid=8168, tid=0x0000000000000ba8
#
# JRE version: Java(TM) SE Runtime Environment (8.0_151-b12) (build 1.8.0_151-b12)
# Java VM: Java HotSpot(TM) 64-Bit Server VM (25.151-b12 mixed mode windows-amd64 compressed oops)
# Problematic frame:
# C  0x00007ff875b707b2
#
# Failed to write core dump. Minidumps are not enabled by default on client versions of Windows
#
# If you would like to submit a bug report, please visit:
#   http://bugreport.java.com/bugreport/crash.jsp
# The crash happened outside the Java Virtual Machine in native code.
# See problematic frame for where to report the bug.
#

---------------  T H R E A D  ---------------

Current thread (0x000000001bd5c800):  JavaThread "JavaFX Application Thread" [_thread_in_native, id=2984, stack(0x000000001cbe0000,0x000000001cce0000)]

siginfo: ExceptionCode=0xc0000005, reading address 0x0000000000002dd0

Registers:
RAX=0x0000000000001908, RBX=0x0000000000000000, RCX=0x0000000000000000, RDX=0x0000000000000000
RSP=0x000000001ccdd860, RBP=0x000000001ccdd958, RSI=0x0000000020038844, RDI=0x0000000004fd7e70
R8 =0x0000000000000310, R9 =0x000000000000026f, R10=0x0000000000000000, R11=0x0000000070c0b4d0
R12=0x0000000000000000, R13=0x0000000029903b68, R14=0x000000001ccdd9b0, R15=0x000000001bd5c800
RIP=0x00007ff875b707b2, EFLAGS=0x0000000000010206

Top of Stack: (sp=0x000000001ccdd860)
0x000000001ccdd860:   0000000029903b68 000000001bd5c800
0x000000001ccdd870:   0000000004fd7e70 0000000004fe7e06
0x000000001ccdd880:   0000000000001908 0000000000001401
0x000000001ccdd890:   0000000027b5a040 0000000020038844
0x000000001ccdd8a0:   0000000029903b68 0000000004fe7f74
0x000000001ccdd8b0:   000000001bdaac80 0000000070a973da
0x000000001ccdd8c0:   000000001ccde0e8 000000001ccdd958
0x000000001ccdd8d0:   0000000000000310 000000000000026f
0x000000001ccdd8e0:   0000000000001908 0000000000001401
0x000000001ccdd8f0:   0000000027b5a040 0000000029903b68
0x000000001ccdd900:   0000000020038844 000000001bd5c800
0x000000001ccdd910:   0000000004fe7ca2 000000001ccdd918
0x000000001ccdd920:   0000000029903b68 000000001ccdd9b0
0x000000001ccdd930:   000000002991c028 0000000000000000
0x000000001ccdd940:   0000000029903b68 0000000000000000
0x000000001ccdd950:   000000001ccdd978 000000001ccdd9f8 

Instructions: (pc=0x00007ff875b707b2)
0x00007ff875b70792:   24 90 00 00 00 48 89 44 24 30 8b 84 24 88 00 00
0x00007ff875b707a2:   00 89 44 24 28 8b 84 24 80 00 00 00 89 44 24 20
0x00007ff875b707b2:   41 ff 92 d0 2d 00 00 48 83 c4 40 5b c3 cc 40 53
0x00007ff875b707c2:   48 8b 01 41 8b d8 44 8b 44 24 30 41 8b d1 44 8b 


Register to memory mapping:

RAX=0x0000000000001908 is an unknown value
RBX=0x0000000000000000 is an unknown value
RCX=0x0000000000000000 is an unknown value
RDX=0x0000000000000000 is an unknown value
RSP=0x000000001ccdd860 is pointing into the stack for thread: 0x000000001bd5c800
RBP=0x000000001ccdd958 is pointing into the stack for thread: 0x000000001bd5c800
RSI=0x0000000020038844 is an unknown value
RDI=0x0000000004fd7e70 is at code_begin+1040 in an Interpreter codelet
invoke return entry points  [0x0000000004fd7a60, 0x0000000004fd8440]  2528 bytes
R8 =0x0000000000000310 is an unknown value
R9 =0x000000000000026f is an unknown value
R10=0x0000000000000000 is an unknown value
R11=0x0000000070c0b4d0 is an unknown value
R12=0x0000000000000000 is an unknown value
R13={method} {0x0000000029903b70} 'nglReadPixels' '(IIIIIIJ)V' in 'org/lwjgl/opengl/GL11'
R14=0x000000001ccdd9b0 is pointing into the stack for thread: 0x000000001bd5c800
R15=0x000000001bd5c800 is a thread


Stack: [0x000000001cbe0000,0x000000001cce0000],  sp=0x000000001ccdd860,  free space=1014k
Native frames: (J=compiled Java code, j=interpreted, Vv=VM code, C=native code)
C  0x00007ff875b707b2
C  0x0000000004fe7f74

Java frames: (J=compiled Java code, j=interpreted, Vv=VM code)
j  org.lwjgl.opengl.GL11.nglReadPixels(IIIIIIJ)V+0
j  org.lwjgl.opengl.GL11.glReadPixels(IIIIIILjava/nio/ByteBuffer;)V+13
j  fr.quinonero.gui.Controller$3.handle(Ljavafx/event/ActionEvent;)V+27
j  fr.quinonero.gui.Controller$3.handle(Ljavafx/event/Event;)V+5
j  com.sun.scenario.animation.shared.TimelineClipCore.visitKeyFrame(IJ)V+58
j  com.sun.scenario.animation.shared.TimelineClipCore.playTo(J)V+153
j  javafx.animation.Timeline.impl_playTo(JJ)V+5
j  javafx.animation.AnimationAccessorImpl.playTo(Ljavafx/animation/Animation;JJ)V+4
j  com.sun.scenario.animation.shared.InfiniteClipEnvelope.timePulse(J)V+157
j  javafx.animation.Animation.impl_timePulse(J)V+13
j  javafx.animation.Animation$1.lambda$timePulse$25(J)Ljava/lang/Void;+5
j  javafx.animation.Animation$1$$Lambda$188.run()Ljava/lang/Object;+8
v  ~StubRoutines::call_stub
j  java.security.AccessController.doPrivileged(Ljava/security/PrivilegedAction;Ljava/security/AccessControlContext;)Ljava/lang/Object;+0
j  javafx.animation.Animation$1.timePulse(J)V+51
j  com.sun.scenario.animation.AbstractMasterTimer.timePulseImpl(J)V+61
j  com.sun.scenario.animation.AbstractMasterTimer$MainLoop.run()V+41
j  com.sun.javafx.tk.quantum.QuantumToolkit.pulse(Z)V+80
j  com.sun.javafx.tk.quantum.QuantumToolkit.pulse()V+2
j  com.sun.javafx.tk.quantum.QuantumToolkit.lambda$runToolkit$403()V+1
j  com.sun.javafx.tk.quantum.QuantumToolkit$$Lambda$41.run()V+4
j  com.sun.glass.ui.InvokeLaterDispatcher$Future.run()V+4
v  ~StubRoutines::call_stub
j  com.sun.glass.ui.win.WinApplication._runLoop(Ljava/lang/Runnable;)V+0
j  com.sun.glass.ui.win.WinApplication.lambda$null$147(ILjava/lang/Runnable;)V+8
j  com.sun.glass.ui.win.WinApplication$$Lambda$37.run()V+12
j  java.lang.Thread.run()V+11
v  ~StubRoutines::call_stub

---------------  P R O C E S S  ---------------

Java Threads: ( => current thread )
  0x00000000235fe800 JavaThread "Prism Font Disposer" daemon [_thread_blocked, id=10080, stack(0x00000000286a0000,0x00000000287a0000)]
  0x000000001bdf0800 JavaThread "Thread-3" daemon [_thread_in_native, id=3780, stack(0x0000000023340000,0x0000000023440000)]
  0x000000001bdf0000 JavaThread "JavaFX-Launcher" [_thread_blocked, id=1496, stack(0x0000000023440000,0x0000000023540000)]
=>0x000000001bd5c800 JavaThread "JavaFX Application Thread" [_thread_in_native, id=2984, stack(0x000000001cbe0000,0x000000001cce0000)]
  0x000000001bd5a000 JavaThread "Thread-1" daemon [_thread_blocked, id=7540, stack(0x000000001cae0000,0x000000001cbe0000)]
  0x000000001bd21000 JavaThread "QuantumRenderer-0" daemon [_thread_blocked, id=2412, stack(0x000000001c590000,0x000000001c690000)]
  0x000000001b4ab800 JavaThread "Service Thread" daemon [_thread_blocked, id=11272, stack(0x000000001b9a0000,0x000000001baa0000)]
  0x000000001b4a6000 JavaThread "C1 CompilerThread2" daemon [_thread_blocked, id=4080, stack(0x000000001b8a0000,0x000000001b9a0000)]
  0x000000001b4a5000 JavaThread "C2 CompilerThread1" daemon [_thread_blocked, id=7112, stack(0x000000001b7a0000,0x000000001b8a0000)]
  0x000000001b442000 JavaThread "C2 CompilerThread0" daemon [_thread_blocked, id=4364, stack(0x000000001b6a0000,0x000000001b7a0000)]
  0x000000001b437000 JavaThread "Monitor Ctrl-Break" daemon [_thread_in_native, id=2616, stack(0x000000001b5a0000,0x000000001b6a0000)]
  0x0000000019b31800 JavaThread "Attach Listener" daemon [_thread_blocked, id=2908, stack(0x000000001b0a0000,0x000000001b1a0000)]
  0x0000000019b30000 JavaThread "Signal Dispatcher" daemon [_thread_blocked, id=5708, stack(0x000000001afa0000,0x000000001b0a0000)]
  0x0000000019b1f000 JavaThread "Finalizer" daemon [_thread_blocked, id=10724, stack(0x000000001ad80000,0x000000001ae80000)]
  0x0000000004fc6000 JavaThread "Reference Handler" daemon [_thread_blocked, id=10852, stack(0x000000001ac80000,0x000000001ad80000)]
  0x0000000004ed6000 JavaThread "main" [_thread_blocked, id=1352, stack(0x0000000004c70000,0x0000000004d70000)]

Other Threads:
  0x0000000019af8000 VMThread [stack: 0x000000001ab80000,0x000000001ac80000] [id=2856]
  0x000000001b591800 WatcherThread [stack: 0x000000001c2a0000,0x000000001c3a0000] [id=1212]

VM state:not at safepoint (normal execution)

VM Mutex/Monitor currently owned by a thread: None

Heap:
 PSYoungGen      total 38400K, used 24796K [0x00000000d5d00000, 0x00000000d8780000, 0x0000000100000000)
  eden space 33280K, 62% used [0x00000000d5d00000,0x00000000d71294c8,0x00000000d7d80000)
  from space 5120K, 81% used [0x00000000d7d80000,0x00000000d818dda0,0x00000000d8280000)
  to   space 5120K, 0% used [0x00000000d8280000,0x00000000d8280000,0x00000000d8780000)
 ParOldGen       total 87552K, used 16K [0x0000000081600000, 0x0000000086b80000, 0x00000000d5d00000)
  object space 87552K, 0% used [0x0000000081600000,0x0000000081604000,0x0000000086b80000)
 Metaspace       used 17692K, capacity 18376K, committed 18560K, reserved 1064960K
  class space    used 2435K, capacity 2641K, committed 2688K, reserved 1048576K

Card table byte_map: [0x0000000014390000,0x0000000014790000] byte_map_base: 0x0000000013f85000

Marking Bits: (ParMarkBitMap*) 0x00000000711fd850
 Begin Bits: [0x0000000014e40000, 0x0000000016de8000)
 End Bits:   [0x0000000016de8000, 0x0000000018d90000)

Polling page: 0x00000000032c0000

CodeCache: size=245760Kb used=4711Kb max_used=4724Kb free=241048Kb
 bounds [0x0000000004fd0000, 0x0000000005470000, 0x0000000013fd0000]
 total_blobs=2342 nmethods=1292 adapters=962
 compilation: enabled

Compilation events (10 events):
Event: 2.132 Thread 0x000000001b4a6000 1288  s    3       sun.nio.ch.ChannelInputStream::read (105 bytes)
Event: 2.133 Thread 0x000000001b4a6000 nmethod 1288 0x00000000054674d0 code [0x00000000054676e0, 0x0000000005468318]
Event: 2.133 Thread 0x000000001b4a6000 1289       3       sun.nio.ch.Util$BufferCache::next (8 bytes)
Event: 2.133 Thread 0x000000001b4a6000 nmethod 1289 0x0000000005468890 code [0x0000000005468a00, 0x0000000005468bd0]
Event: 2.133 Thread 0x000000001b4a6000 1290       3       java.lang.String::toString (2 bytes)
Event: 2.133 Thread 0x000000001b4a6000 nmethod 1290 0x0000000005468c90 code [0x0000000005468de0, 0x0000000005468f30]
Event: 2.133 Thread 0x000000001b4a6000 1291       3       java.util.Stack::empty (13 bytes)
Event: 2.134 Thread 0x000000001b4a6000 nmethod 1291 0x0000000005468f90 code [0x0000000005469100, 0x00000000054694d0]
Event: 2.134 Thread 0x000000001b4a6000 1292       3       java.io.File::<init> (113 bytes)
Event: 2.135 Thread 0x000000001b4a6000 nmethod 1292 0x0000000005469590 code [0x0000000005469800, 0x000000000546a528]

GC Heap History (2 events):
Event: 1.013 GC heap before
{Heap before GC invocations=1 (full 0):
 PSYoungGen      total 38400K, used 33280K [0x00000000d5d00000, 0x00000000d8780000, 0x0000000100000000)
  eden space 33280K, 100% used [0x00000000d5d00000,0x00000000d7d80000,0x00000000d7d80000)
  from space 5120K, 0% used [0x00000000d8280000,0x00000000d8280000,0x00000000d8780000)
  to   space 5120K, 0% used [0x00000000d7d80000,0x00000000d7d80000,0x00000000d8280000)
 ParOldGen       total 87552K, used 0K [0x0000000081600000, 0x0000000086b80000, 0x00000000d5d00000)
  object space 87552K, 0% used [0x0000000081600000,0x0000000081600000,0x0000000086b80000)
 Metaspace       used 12211K, capacity 12664K, committed 12928K, reserved 1060864K
  class space    used 1499K, capacity 1659K, committed 1664K, reserved 1048576K
Event: 1.023 GC heap after
Heap after GC invocations=1 (full 0):
 PSYoungGen      total 38400K, used 4151K [0x00000000d5d00000, 0x00000000d8780000, 0x0000000100000000)
  eden space 33280K, 0% used [0x00000000d5d00000,0x00000000d5d00000,0x00000000d7d80000)
  from space 5120K, 81% used [0x00000000d7d80000,0x00000000d818dda0,0x00000000d8280000)
  to   space 5120K, 0% used [0x00000000d8280000,0x00000000d8280000,0x00000000d8780000)
 ParOldGen       total 87552K, used 16K [0x0000000081600000, 0x0000000086b80000, 0x00000000d5d00000)
  object space 87552K, 0% used [0x0000000081600000,0x0000000081604000,0x0000000086b80000)
 Metaspace       used 12211K, capacity 12664K, committed 12928K, reserved 1060864K
  class space    used 1499K, capacity 1659K, committed 1664K, reserved 1048576K
}

Deoptimization events (10 events):
Event: 1.249 Thread 0x000000001bd5c800 Uncommon trap: reason=class_check action=maybe_recompile pc=0x00000000053394a0 method=java.io.DataInputStream.readShort()S @ 4
Event: 1.249 Thread 0x000000001bd5c800 Uncommon trap: reason=class_check action=maybe_recompile pc=0x00000000053394a0 method=java.io.DataInputStream.readShort()S @ 4
Event: 1.249 Thread 0x000000001bd5c800 Uncommon trap: reason=class_check action=maybe_recompile pc=0x00000000053394a0 method=java.io.DataInputStream.readShort()S @ 4
Event: 1.249 Thread 0x000000001bd5c800 Uncommon trap: reason=class_check action=maybe_recompile pc=0x00000000053394a0 method=java.io.DataInputStream.readShort()S @ 4
Event: 1.252 Thread 0x000000001bd5c800 Uncommon trap: reason=class_check action=maybe_recompile pc=0x00000000051862b0 method=java.lang.String.equals(Ljava/lang/Object;)Z @ 8
Event: 1.252 Thread 0x000000001bd5c800 Uncommon trap: reason=class_check action=maybe_recompile pc=0x00000000051862b0 method=java.lang.String.equals(Ljava/lang/Object;)Z @ 8
Event: 1.252 Thread 0x000000001bd5c800 Uncommon trap: reason=class_check action=maybe_recompile pc=0x00000000051862b0 method=java.lang.String.equals(Ljava/lang/Object;)Z @ 8
Event: 1.256 Thread 0x000000001bd5c800 Uncommon trap: reason=class_check action=maybe_recompile pc=0x00000000051862b0 method=java.lang.String.equals(Ljava/lang/Object;)Z @ 8
Event: 1.306 Thread 0x000000001bd5c800 Uncommon trap: reason=unstable_if action=reinterpret pc=0x000000000539b228 method=java.lang.String.regionMatches(ZILjava/lang/String;II)Z @ 123
Event: 1.397 Thread 0x000000001bd5c800 Uncommon trap: reason=unstable_if action=reinterpret pc=0x0000000005378428 method=jdk.internal.org.objectweb.asm.Type.getArgumentsAndReturnSizes(Ljava/lang/String;)I @ 47

Internal exceptions (10 events):
Event: 1.073 Thread 0x000000001bd5c800 Exception <a 'java/lang/ArrayIndexOutOfBoundsException'> (0x00000000d5fd4ea0) thrown at [C:\re\workspace\8-2-build-windows-amd64-cygwin\jdk8u151\9699\hotspot\src\share\vm\runtime\sharedRuntime.cpp, line 605]
Event: 1.074 Thread 0x000000001bd5c800 Exception <a 'java/lang/ArrayIndexOutOfBoundsException'> (0x00000000d5fd6d48) thrown at [C:\re\workspace\8-2-build-windows-amd64-cygwin\jdk8u151\9699\hotspot\src\share\vm\runtime\sharedRuntime.cpp, line 605]
Event: 2.133 Thread 0x000000001bd5c800 Exception <a 'sun/nio/fs/WindowsException'> (0x00000000d70f25d8) thrown at [C:\re\workspace\8-2-build-windows-amd64-cygwin\jdk8u151\9699\hotspot\src\share\vm\prims\jni.cpp, line 709]
Event: 2.133 Thread 0x000000001bd5c800 Exception <a 'sun/nio/fs/WindowsException'> (0x00000000d70f41d0) thrown at [C:\re\workspace\8-2-build-windows-amd64-cygwin\jdk8u151\9699\hotspot\src\share\vm\prims\jni.cpp, line 709]
Event: 2.134 Thread 0x000000001bd5c800 Exception <a 'java/security/PrivilegedActionException'> (0x00000000d710aec0) thrown at [C:\re\workspace\8-2-build-windows-amd64-cygwin\jdk8u151\9699\hotspot\src\share\vm\prims\jvm.cpp, line 1390]
Event: 2.134 Thread 0x000000001bd5c800 Exception <a 'java/security/PrivilegedActionException'> (0x00000000d710b2b8) thrown at [C:\re\workspace\8-2-build-windows-amd64-cygwin\jdk8u151\9699\hotspot\src\share\vm\prims\jvm.cpp, line 1390]
Event: 2.134 Thread 0x000000001bd5c800 Exception <a 'java/security/PrivilegedActionException'> (0x00000000d710d960) thrown at [C:\re\workspace\8-2-build-windows-amd64-cygwin\jdk8u151\9699\hotspot\src\share\vm\prims\jvm.cpp, line 1390]
Event: 2.134 Thread 0x000000001bd5c800 Exception <a 'java/security/PrivilegedActionException'> (0x00000000d710dd58) thrown at [C:\re\workspace\8-2-build-windows-amd64-cygwin\jdk8u151\9699\hotspot\src\share\vm\prims\jvm.cpp, line 1390]
Event: 2.135 Thread 0x000000001bd5c800 Exception <a 'java/security/PrivilegedActionException'> (0x00000000d71134f0) thrown at [C:\re\workspace\8-2-build-windows-amd64-cygwin\jdk8u151\9699\hotspot\src\share\vm\prims\jvm.cpp, line 1390]
Event: 2.135 Thread 0x000000001bd5c800 Exception <a 'java/security/PrivilegedActionException'> (0x00000000d71138e8) thrown at [C:\re\workspace\8-2-build-windows-amd64-cygwin\jdk8u151\9699\hotspot\src\share\vm\prims\jvm.cpp, line 1390]

Events (10 events):
Event: 2.133 loading class java/nio/file/NoSuchFileException
Event: 2.133 loading class java/nio/file/FileSystemException
Event: 2.133 loading class java/nio/file/FileSystemException done
Event: 2.133 loading class java/nio/file/NoSuchFileException done
Event: 2.133 loading class org/lwjgl/opengl/GL$1
Event: 2.133 loading class org/lwjgl/opengl/GL$1 done
Event: 2.134 loading class org/lwjgl/opengl/GL$SharedLibraryGL
Event: 2.134 loading class org/lwjgl/opengl/GL$SharedLibraryGL done
Event: 2.134 loading class org/lwjgl/system/SharedLibrary$Delegate
Event: 2.134 loading class org/lwjgl/system/SharedLibrary$Delegate done


Dynamic libraries:
0x00007ff6bce00000 - 0x00007ff6bce37000 	C:\Program Files\Java\jdk1.8.0_151\bin\java.exe
0x00007ff889890000 - 0x00007ff889a70000 	C:\WINDOWS\SYSTEM32\ntdll.dll
0x00007ff8893c0000 - 0x00007ff88946e000 	C:\WINDOWS\System32\KERNEL32.DLL
0x00007ff886150000 - 0x00007ff8863b6000 	C:\WINDOWS\System32\KERNELBASE.dll
0x00007ff886dd0000 - 0x00007ff886e71000 	C:\WINDOWS\System32\ADVAPI32.dll
0x00007ff886e80000 - 0x00007ff886f1d000 	C:\WINDOWS\System32\msvcrt.dll
0x00007ff887f10000 - 0x00007ff887f6b000 	C:\WINDOWS\System32\sechost.dll
0x00007ff887330000 - 0x00007ff88744f000 	C:\WINDOWS\System32\RPCRT4.dll
0x00007ff886f20000 - 0x00007ff8870af000 	C:\WINDOWS\System32\USER32.dll
0x00007ff885da0000 - 0x00007ff885dc0000 	C:\WINDOWS\System32\win32u.dll
0x00007ff8878b0000 - 0x00007ff8878d8000 	C:\WINDOWS\System32\GDI32.dll
0x00007ff885dc0000 - 0x00007ff885f53000 	C:\WINDOWS\System32\gdi32full.dll
0x00007ff885f60000 - 0x00007ff885ffb000 	C:\WINDOWS\System32\msvcp_win.dll
0x00007ff886050000 - 0x00007ff886146000 	C:\WINDOWS\System32\ucrtbase.dll
0x00007ff875c70000 - 0x00007ff875ed9000 	C:\WINDOWS\WinSxS\amd64_microsoft.windows.common-controls_6595b64144ccf1df_6.0.16299.371_none_15c7d1789365a290\COMCTL32.dll
0x00007ff8894d0000 - 0x00007ff8897d8000 	C:\WINDOWS\System32\combase.dll
0x00007ff8863c0000 - 0x00007ff886432000 	C:\WINDOWS\System32\bcryptPrimitives.dll
0x00007ff887450000 - 0x00007ff88747d000 	C:\WINDOWS\System32\IMM32.DLL
0x0000000072720000 - 0x00000000727f2000 	C:\Program Files\Java\jdk1.8.0_151\jre\bin\msvcr100.dll
0x00000000709e0000 - 0x000000007127d000 	C:\Program Files\Java\jdk1.8.0_151\jre\bin\server\jvm.dll
0x00007ff887f70000 - 0x00007ff887f78000 	C:\WINDOWS\System32\PSAPI.DLL
0x00007ff8833a0000 - 0x00007ff8833c3000 	C:\WINDOWS\SYSTEM32\WINMM.dll
0x00007ff87cbe0000 - 0x00007ff87cbea000 	C:\WINDOWS\SYSTEM32\VERSION.dll
0x00007ff882f40000 - 0x00007ff882f6a000 	C:\WINDOWS\SYSTEM32\WINMMBASE.dll
0x00007ff886000000 - 0x00007ff88604a000 	C:\WINDOWS\System32\cfgmgr32.dll
0x00007ff87b000000 - 0x00007ff87b009000 	C:\WINDOWS\SYSTEM32\WSOCK32.dll
0x00007ff887d30000 - 0x00007ff887d9c000 	C:\WINDOWS\System32\WS2_32.dll
0x0000000072710000 - 0x000000007271f000 	C:\Program Files\Java\jdk1.8.0_151\jre\bin\verify.dll
0x00000000726e0000 - 0x0000000072709000 	C:\Program Files\Java\jdk1.8.0_151\jre\bin\java.dll
0x0000000072690000 - 0x00000000726b3000 	C:\Program Files\Java\jdk1.8.0_151\jre\bin\instrument.dll
0x00000000726c0000 - 0x00000000726d6000 	C:\Program Files\Java\jdk1.8.0_151\jre\bin\zip.dll
0x00007ff887f80000 - 0x00007ff8893b6000 	C:\WINDOWS\System32\SHELL32.dll
0x00007ff8870b0000 - 0x00007ff887156000 	C:\WINDOWS\System32\shcore.dll
0x00007ff886440000 - 0x00007ff886b87000 	C:\WINDOWS\System32\windows.storage.dll
0x00007ff886d70000 - 0x00007ff886dc1000 	C:\WINDOWS\System32\shlwapi.dll
0x00007ff885c50000 - 0x00007ff885c61000 	C:\WINDOWS\System32\kernel.appcore.dll
0x00007ff885be0000 - 0x00007ff885c2c000 	C:\WINDOWS\System32\powrprof.dll
0x00007ff885c30000 - 0x00007ff885c4b000 	C:\WINDOWS\System32\profapi.dll
0x00007ff87f9c0000 - 0x00007ff87f9da000 	C:\Users\isador\AppData\Local\JetBrains\Toolbox\apps\IDEA-U\ch-0\173.3727.127\bin\breakgen64.dll
0x0000000072580000 - 0x000000007259a000 	C:\Program Files\Java\jdk1.8.0_151\jre\bin\net.dll
0x00007ff885470000 - 0x00007ff8854d6000 	C:\WINDOWS\system32\mswsock.dll
0x0000000003370000 - 0x0000000003373000 	C:\Program Files\Java\jdk1.8.0_151\jre\bin\api-ms-win-core-console-l1-1-0.dll
0x0000000003380000 - 0x0000000003383000 	C:\Program Files\Java\jdk1.8.0_151\jre\bin\api-ms-win-core-datetime-l1-1-0.dll
0x00000000033a0000 - 0x00000000033a3000 	C:\Program Files\Java\jdk1.8.0_151\jre\bin\api-ms-win-core-debug-l1-1-0.dll
0x00000000033b0000 - 0x00000000033b3000 	C:\Program Files\Java\jdk1.8.0_151\jre\bin\api-ms-win-core-errorhandling-l1-1-0.dll
0x0000000004d70000 - 0x0000000004d74000 	C:\Program Files\Java\jdk1.8.0_151\jre\bin\api-ms-win-core-file-l1-1-0.dll
0x0000000004d80000 - 0x0000000004d83000 	C:\Program Files\Java\jdk1.8.0_151\jre\bin\api-ms-win-core-file-l1-2-0.dll
0x0000000004d90000 - 0x0000000004d93000 	C:\Program Files\Java\jdk1.8.0_151\jre\bin\api-ms-win-core-file-l2-1-0.dll
0x0000000004da0000 - 0x0000000004da3000 	C:\Program Files\Java\jdk1.8.0_151\jre\bin\api-ms-win-core-handle-l1-1-0.dll
0x0000000004db0000 - 0x0000000004db3000 	C:\Program Files\Java\jdk1.8.0_151\jre\bin\api-ms-win-core-heap-l1-1-0.dll
0x000000001c3a0000 - 0x000000001c3a3000 	C:\Program Files\Java\jdk1.8.0_151\jre\bin\api-ms-win-core-interlocked-l1-1-0.dll
0x000000001c3b0000 - 0x000000001c3b3000 	C:\Program Files\Java\jdk1.8.0_151\jre\bin\api-ms-win-core-libraryloader-l1-1-0.dll
0x000000001c3c0000 - 0x000000001c3c3000 	C:\Program Files\Java\jdk1.8.0_151\jre\bin\api-ms-win-core-localization-l1-2-0.dll
0x000000001c3d0000 - 0x000000001c3d3000 	C:\Program Files\Java\jdk1.8.0_151\jre\bin\api-ms-win-core-memory-l1-1-0.dll
0x000000001c3e0000 - 0x000000001c3e3000 	C:\Program Files\Java\jdk1.8.0_151\jre\bin\api-ms-win-core-namedpipe-l1-1-0.dll
0x000000001c3f0000 - 0x000000001c3f3000 	C:\Program Files\Java\jdk1.8.0_151\jre\bin\api-ms-win-core-processenvironment-l1-1-0.dll
0x000000001c400000 - 0x000000001c403000 	C:\Program Files\Java\jdk1.8.0_151\jre\bin\api-ms-win-core-processthreads-l1-1-0.dll
0x000000001c410000 - 0x000000001c413000 	C:\Program Files\Java\jdk1.8.0_151\jre\bin\api-ms-win-core-processthreads-l1-1-1.dll
0x000000001c420000 - 0x000000001c423000 	C:\Program Files\Java\jdk1.8.0_151\jre\bin\api-ms-win-core-profile-l1-1-0.dll
0x000000001c430000 - 0x000000001c433000 	C:\Program Files\Java\jdk1.8.0_151\jre\bin\api-ms-win-core-rtlsupport-l1-1-0.dll
0x000000001c440000 - 0x000000001c443000 	C:\Program Files\Java\jdk1.8.0_151\jre\bin\api-ms-win-core-string-l1-1-0.dll
0x000000001c450000 - 0x000000001c453000 	C:\Program Files\Java\jdk1.8.0_151\jre\bin\api-ms-win-core-synch-l1-1-0.dll
0x000000001c460000 - 0x000000001c463000 	C:\Program Files\Java\jdk1.8.0_151\jre\bin\api-ms-win-core-synch-l1-2-0.dll
0x000000001c470000 - 0x000000001c473000 	C:\Program Files\Java\jdk1.8.0_151\jre\bin\api-ms-win-core-sysinfo-l1-1-0.dll
0x000000001c480000 - 0x000000001c483000 	C:\Program Files\Java\jdk1.8.0_151\jre\bin\api-ms-win-core-timezone-l1-1-0.dll
0x000000001c490000 - 0x000000001c493000 	C:\Program Files\Java\jdk1.8.0_151\jre\bin\api-ms-win-core-util-l1-1-0.dll
0x000000001c4a0000 - 0x000000001c4a3000 	C:\Program Files\Java\jdk1.8.0_151\jre\bin\api-ms-win-crt-conio-l1-1-0.dll
0x000000001c4b0000 - 0x000000001c4b4000 	C:\Program Files\Java\jdk1.8.0_151\jre\bin\api-ms-win-crt-convert-l1-1-0.dll
0x000000001c4c0000 - 0x000000001c4c3000 	C:\Program Files\Java\jdk1.8.0_151\jre\bin\api-ms-win-crt-environment-l1-1-0.dll
0x000000001c4d0000 - 0x000000001c4d3000 	C:\Program Files\Java\jdk1.8.0_151\jre\bin\api-ms-win-crt-filesystem-l1-1-0.dll
0x000000001c4e0000 - 0x000000001c4e3000 	C:\Program Files\Java\jdk1.8.0_151\jre\bin\api-ms-win-crt-heap-l1-1-0.dll
0x000000001c4f0000 - 0x000000001c4f3000 	C:\Program Files\Java\jdk1.8.0_151\jre\bin\api-ms-win-crt-locale-l1-1-0.dll
0x000000001c500000 - 0x000000001c505000 	C:\Program Files\Java\jdk1.8.0_151\jre\bin\api-ms-win-crt-math-l1-1-0.dll
0x000000001c510000 - 0x000000001c515000 	C:\Program Files\Java\jdk1.8.0_151\jre\bin\api-ms-win-crt-multibyte-l1-1-0.dll
0x000000001c520000 - 0x000000001c530000 	C:\Program Files\Java\jdk1.8.0_151\jre\bin\api-ms-win-crt-private-l1-1-0.dll
0x000000001c530000 - 0x000000001c533000 	C:\Program Files\Java\jdk1.8.0_151\jre\bin\api-ms-win-crt-process-l1-1-0.dll
0x000000001c540000 - 0x000000001c544000 	C:\Program Files\Java\jdk1.8.0_151\jre\bin\api-ms-win-crt-runtime-l1-1-0.dll
0x000000001c550000 - 0x000000001c554000 	C:\Program Files\Java\jdk1.8.0_151\jre\bin\api-ms-win-crt-stdio-l1-1-0.dll
0x000000001c560000 - 0x000000001c564000 	C:\Program Files\Java\jdk1.8.0_151\jre\bin\api-ms-win-crt-string-l1-1-0.dll
0x000000001c570000 - 0x000000001c573000 	C:\Program Files\Java\jdk1.8.0_151\jre\bin\api-ms-win-crt-time-l1-1-0.dll
0x000000001c580000 - 0x000000001c583000 	C:\Program Files\Java\jdk1.8.0_151\jre\bin\api-ms-win-crt-utility-l1-1-0.dll
0x00007ff8799f0000 - 0x00007ff879ae6000 	C:\Program Files\Java\jdk1.8.0_151\jre\bin\ucrtbase.dll
0x00007ff87f960000 - 0x00007ff87f9b1000 	C:\Program Files\Java\jdk1.8.0_151\jre\bin\concrt140.dll
0x00007ff87f940000 - 0x00007ff87f956000 	C:\WINDOWS\SYSTEM32\VCRUNTIME140.dll
0x00007ff87b310000 - 0x00007ff87b3af000 	C:\WINDOWS\SYSTEM32\MSVCP140.dll
0x00007ff87f920000 - 0x00007ff87f936000 	C:\Program Files\Java\jdk1.8.0_151\jre\bin\vcruntime140.dll
0x00007ff879950000 - 0x00007ff8799ec000 	C:\Program Files\Java\jdk1.8.0_151\jre\bin\msvcp140.dll
0x0000000072550000 - 0x0000000072573000 	C:\Program Files\Java\jdk1.8.0_151\jre\bin\prism_d3d.dll
0x00007ff87a470000 - 0x00007ff87a605000 	C:\WINDOWS\system32\d3d9.dll
0x00007ff8845b0000 - 0x00007ff8845da000 	C:\WINDOWS\SYSTEM32\dwmapi.dll
0x00007ff884130000 - 0x00007ff8841c5000 	C:\WINDOWS\system32\uxtheme.dll
0x00007ff828510000 - 0x00007ff82c21b000 	C:\WINDOWS\System32\DriverStore\FileRepository\igdlh64.inf_amd64_2e329e8610bbb375\igdumdim64.dll
0x00007ff8878e0000 - 0x00007ff887d2e000 	C:\WINDOWS\System32\SETUPAPI.dll
0x00007ff887760000 - 0x00007ff8878a9000 	C:\WINDOWS\System32\ole32.dll
0x00007ff887da0000 - 0x00007ff887e65000 	C:\WINDOWS\System32\OLEAUT32.dll
0x00000000724e0000 - 0x0000000072529000 	C:\Program Files\Java\jdk1.8.0_151\jre\bin\glass.dll
0x00007ff8874a0000 - 0x00007ff8875aa000 	C:\WINDOWS\System32\COMDLG32.dll
0x00007ff887160000 - 0x00007ff8872c7000 	C:\WINDOWS\System32\MSCTF.dll
0x00007ff87b5d0000 - 0x00007ff87cbdc000 	C:\WINDOWS\System32\DriverStore\FileRepository\igdlh64.inf_amd64_2e329e8610bbb375\igc64.dll
0x0000000072530000 - 0x0000000072541000 	C:\Program Files\Java\jdk1.8.0_151\jre\bin\nio.dll
0x00007ff879db0000 - 0x00007ff879e0b000 	C:\Users\isador\AppData\Local\Temp\lwjglisador\3.1.6-build-14\lwjgl.dll
0x00007ff8798f0000 - 0x00007ff879941000 	C:\Users\isador\AppData\Local\Temp\lwjglisador\3.1.6-build-14\glfw.dll
0x00007ff877db0000 - 0x00007ff877df3000 	C:\WINDOWS\SYSTEM32\dinput8.dll
0x00007ff882920000 - 0x00007ff882930000 	C:\WINDOWS\SYSTEM32\xinput1_4.dll
0x00007ff8859f0000 - 0x00007ff885a17000 	C:\WINDOWS\SYSTEM32\DEVOBJ.dll
0x00007ff87f130000 - 0x00007ff87f15e000 	C:\WINDOWS\SYSTEM32\inputhost.dll
0x00007ff882b40000 - 0x00007ff882c1c000 	C:\WINDOWS\SYSTEM32\CoreMessaging.dll
0x00007ff880910000 - 0x00007ff880bfe000 	C:\WINDOWS\SYSTEM32\CoreUIComponents.dll
0x00007ff881cd0000 - 0x00007ff881e06000 	C:\WINDOWS\SYSTEM32\wintypes.dll
0x00007ff884d40000 - 0x00007ff884d71000 	C:\WINDOWS\SYSTEM32\ntmarta.dll
0x00007ff884990000 - 0x00007ff88499c000 	C:\WINDOWS\SYSTEM32\HID.DLL
0x00007ff885c90000 - 0x00007ff885ce8000 	C:\WINDOWS\System32\WINTRUST.dll
0x00007ff885c70000 - 0x00007ff885c82000 	C:\WINDOWS\System32\MSASN1.dll
0x00007ff886b90000 - 0x00007ff886d5e000 	C:\WINDOWS\System32\CRYPT32.dll
0x00007ff877740000 - 0x00007ff87785e000 	C:\WINDOWS\SYSTEM32\opengl32.dll
0x00007ff879560000 - 0x00007ff87958c000 	C:\WINDOWS\SYSTEM32\GLU32.dll
0x00007ff83f130000 - 0x00007ff840040000 	C:\WINDOWS\System32\DriverStore\FileRepository\igdlh64.inf_amd64_2e329e8610bbb375\ig9icd64.dll
0x00007ff884a40000 - 0x00007ff884aef000 	C:\WINDOWS\SYSTEM32\dxgi.dll
0x00007ff882970000 - 0x00007ff882983000 	C:\WINDOWS\SYSTEM32\WTSAPI32.dll
0x00007ff877e00000 - 0x00007ff877e98000 	C:\WINDOWS\System32\TextInputFramework.dll
0x00000000724c0000 - 0x00000000724d4000 	C:\Program Files\Java\jdk1.8.0_151\jre\bin\javafx_font.dll
0x00007ff8627e0000 - 0x00007ff862af0000 	C:\WINDOWS\SYSTEM32\dwrite.dll
0x00007ff887e70000 - 0x00007ff887f0e000 	C:\WINDOWS\System32\clbcatq.dll
0x00007ff881110000 - 0x00007ff8812bb000 	C:\WINDOWS\SYSTEM32\WindowsCodecs.dll
0x00007ff879680000 - 0x00007ff8796cf000 	C:\WINDOWS\system32\dataexchange.dll
0x00007ff883d80000 - 0x00007ff883ec2000 	C:\WINDOWS\system32\dcomp.dll
0x00007ff882c20000 - 0x00007ff882f02000 	C:\WINDOWS\system32\d3d11.dll
0x00007ff884430000 - 0x00007ff8845ab000 	C:\WINDOWS\system32\twinapi.appcore.dll

VM Arguments:
jvm_args: -javaagent:C:\Users\isador\AppData\Local\JetBrains\Toolbox\apps\IDEA-U\ch-0\173.3727.127\lib\idea_rt.jar=58049:C:\Users\isador\AppData\Local\JetBrains\Toolbox\apps\IDEA-U\ch-0\173.3727.127\bin -Dfile.encoding=UTF-8 
java_command: fr.quinonero.gui.FxmlReader
java_class_path (initial): C:\Program Files\Java\jdk1.8.0_151\jre\lib\charsets.jar;C:\Program Files\Java\jdk1.8.0_151\jre\lib\deploy.jar;C:\Program Files\Java\jdk1.8.0_151\jre\lib\ext\access-bridge-64.jar;C:\Program Files\Java\jdk1.8.0_151\jre\lib\ext\cldrdata.jar;C:\Program Files\Java\jdk1.8.0_151\jre\lib\ext\dnsns.jar;C:\Program Files\Java\jdk1.8.0_151\jre\lib\ext\jaccess.jar;C:\Program Files\Java\jdk1.8.0_151\jre\lib\ext\jfxrt.jar;C:\Program Files\Java\jdk1.8.0_151\jre\lib\ext\localedata.jar;C:\Program Files\Java\jdk1.8.0_151\jre\lib\ext\nashorn.jar;C:\Program Files\Java\jdk1.8.0_151\jre\lib\ext\sunec.jar;C:\Program Files\Java\jdk1.8.0_151\jre\lib\ext\sunjce_provider.jar;C:\Program Files\Java\jdk1.8.0_151\jre\lib\ext\sunmscapi.jar;C:\Program Files\Java\jdk1.8.0_151\jre\lib\ext\sunpkcs11.jar;C:\Program Files\Java\jdk1.8.0_151\jre\lib\ext\zipfs.jar;C:\Program Files\Java\jdk1.8.0_151\jre\lib\javaws.jar;C:\Program Files\Java\jdk1.8.0_151\jre\lib\jce.jar;C:\Program Files\Java\jdk1.8.0_151\jre\lib\jfr.jar;C:\Program Files\Java\jdk1.8.0_151\jre\lib\jfxswt.jar;C:\Program Files\Java\jdk1.8.0_151\jre\lib\jsse.jar;C:\Program Files\Java\jdk1.8.0_151\jre\lib\management-agent.jar;C:\Program Files\Java\jdk1.8.0_151\jre\lib\plugin.jar;C:\Program Files\Java\jdk1.8.0_151\jre\lib\resources.jar;C:\Program Files\Java\jdk1.8.0_151\jre\lib\rt.jar;C:\Users\isador\IdeaProject\electrowave-simulator\out\production\classes;C:\Users\isador\IdeaProject\electrowave-simulator\out\production\resources;C:\Users\isador\.gradle\caches\modules-2\files-2.1\org.lwjgl\lwjgl-assimp\3.1.6\11420947d50dbfd70cb942a1e768a6f0b0336a95\lwjgl-assimp-3.1.6.jar;C:\Users\isador\.gradle\caches\modules-2\files-2.1\org.lwjgl\lwjgl-openvr\3.1.6\393ed9c27af2ffe4b4917412a60201b1b9516171\lwjgl-openvr-3.1.6-natives-windows.jar;C:\Users\isador\.gradle\caches\modules-2\files-2.1\org.lwjgl\lwjgl-bgfx\3.1.6\f90fb13936616d16b2adcd9a24671a68c2070aed\lwjgl-bgfx-3.1.6.jar;C:\Users\isador\.gradle\caches\modules-2\files-2.1\org.lw
Launcher Type: SUN_STANDARD

Environment Variables:
PATH=C:\ProgramData\Oracle\Java\javapath;C:\Windows\system32;C:\Windows;C:\Windows\System32\Wbem;C:\Windows\System32\WindowsPowerShell\v1.0\;C:\Program Files\Git\cmd;C:\Program Files (x86)\NVIDIA Corporation\PhysX\Common;C:\WINDOWS\system32;C:\WINDOWS;C:\WINDOWS\System32\Wbem;C:\WINDOWS\System32\WindowsPowerShell\v1.0\;C:\cygwin64\bin\;C:\Users\isador\AppData\Local\bin\NASM\;C:\Program Files\Microsoft SQL Server\Client SDK\ODBC\110\Tools\Binn\;C:\Program Files (x86)\Microsoft SQL Server\120\Tools\Binn\;C:\Program Files\Microsoft SQL Server\120\Tools\Binn\;C:\Program Files\Microsoft SQL Server\120\DTS\Binn\;C:\Program Files (x86)\Windows Kits\8.1\Windows Performance Toolkit\;C:\Users\isador\AppData\Local\Microsoft\WindowsApps;
USERNAME=isador
OS=Windows_NT
PROCESSOR_IDENTIFIER=Intel64 Family 6 Model 94 Stepping 3, GenuineIntel



---------------  S Y S T E M  ---------------

OS: Windows 10.0 , 64 bit Build 16299 (10.0.16299.15)

CPU:total 4 (initial active 4) (4 cores per cpu, 1 threads per core) family 6 model 94 stepping 3, cmov, cx8, fxsr, mmx, sse, sse2, sse3, ssse3, sse4.1, sse4.2, popcnt, avx, avx2, aes, clmul, erms, rtm, 3dnowpref, lzcnt, tsc, tscinvbit, bmi1, bmi2, adx

Memory: 4k page, physical 8290884k(3304516k free), swap 10511084k(3967944k free)

vm_info: Java HotSpot(TM) 64-Bit Server VM (25.151-b12) for windows-amd64 JRE (1.8.0_151-b12), built on Sep  5 2017 19:33:46 by "java_re" with MS VC++ 10.0 (VS2010)

time: Mon Apr 23 19:05:50 2018
elapsed time: 2 seconds (0d 0h 0m 2s)

