#
# A fatal error has been detected by the Java Runtime Environment:
#
#  EXCEPTION_ACCESS_VIOLATION (0xc0000005) at pc=0x00007ff87613075a, pid=7132, tid=0x0000000000002c38
#
# JRE version: Java(TM) SE Runtime Environment (8.0_151-b12) (build 1.8.0_151-b12)
# Java VM: Java HotSpot(TM) 64-Bit Server VM (25.151-b12 mixed mode windows-amd64 compressed oops)
# Problematic frame:
# C  [lwjgl_opengl.dll+0x1075a]
#
# Failed to write core dump. Minidumps are not enabled by default on client versions of Windows
#
# If you would like to submit a bug report, please visit:
#   http://bugreport.java.com/bugreport/crash.jsp
# The crash happened outside the Java Virtual Machine in native code.
# See problematic frame for where to report the bug.
#

---------------  T H R E A D  ---------------

Current thread (0x000000001be55000):  JavaThread "JavaFX Application Thread" [_thread_in_native, id=11320, stack(0x000000001cd20000,0x000000001ce20000)]

siginfo: ExceptionCode=0xc0000005, reading address 0x0000000000002dc8

Registers:
RAX=0x0000000071181d50, RBX=0x0000000026bb48c0, RCX=0x0000000000000404, RDX=0x0000000000000000
RSP=0x000000001ce1d7c8, RBP=0x000000001ce1d838, RSI=0x00000000000003d0, RDI=0x0000000004fe835d
R8 =0x0000000000000404, R9 =0x000000001be4cd00, R10=0x0000000004ff7f48, R11=0x0000000070c0b4d0
R12=0x0000000000000000, R13=0x0000000026bb48b8, R14=0x000000001ce1d858, R15=0x000000001be55000
RIP=0x00007ff87613075a, EFLAGS=0x0000000000010202

Top of Stack: (sp=0x000000001ce1d7c8)
0x000000001ce1d7c8:   0000000004ff7f74 000000001be55000
0x000000001ce1d7d8:   0000000026bb48c0 00000000000003d0
0x000000001ce1d7e8:   000000001be55000 0000000004ff7ca2
0x000000001ce1d7f8:   000000001ce1d7f8 0000000026bb48b8
0x000000001ce1d808:   000000001ce1d858 0000000026bca2f0
0x000000001ce1d818:   0000000000000000 0000000026bb48c0
0x000000001ce1d828:   0000000000000000 000000001ce1d858
0x000000001ce1d838:   000000001ce1d8a0 0000000004fe835d
0x000000001ce1d848:   00000000d75b3d68 0000000004ff19d8
0x000000001ce1d858:   0000000000000404 000000001ce1d860
0x000000001ce1d868:   00000000195a3274 000000001ce1d8b8
0x000000001ce1d878:   00000000195a33d0 0000000000000000
0x000000001ce1d888:   00000000195a32b0 000000001ce1d858
0x000000001ce1d898:   000000001ce1d8b8 000000001ce1d900
0x000000001ce1d8a8:   0000000004fe835d 0000000000000000
0x000000001ce1d8b8:   00000000d6a03750 000000001ce1d8c0 

Instructions: (pc=0x00007ff87613075a)
0x00007ff87613073a:   48 ff a2 88 2d 00 00 cc cc cc cc cc cc cc cc cc
0x00007ff87613074a:   cc cc cc cc cc cc 48 8b 01 41 8b c8 48 8b 50 18
0x00007ff87613075a:   48 ff a2 c8 2d 00 00 cc cc cc cc cc cc cc cc cc
0x00007ff87613076a:   cc cc cc cc cc cc 40 53 48 83 ec 40 48 8b 01 41 


Register to memory mapping:

RAX=0x0000000071181d50 is an unknown value
RBX={method} {0x0000000026bb48c8} 'glReadBuffer' '(I)V' in 'org/lwjgl/opengl/GL11'
RCX=0x0000000000000404 is an unknown value
RDX=0x0000000000000000 is an unknown value
RSP=0x000000001ce1d7c8 is pointing into the stack for thread: 0x000000001be55000
RBP=0x000000001ce1d838 is pointing into the stack for thread: 0x000000001be55000
RSI=0x00000000000003d0 is an unknown value
RDI=0x0000000004fe835d is at code_begin+2301 in an Interpreter codelet
invoke return entry points  [0x0000000004fe7a60, 0x0000000004fe8440]  2528 bytes
R8 =0x0000000000000404 is an unknown value
R9 =0x000000001be4cd00 is an unknown value
R10=0x0000000004ff7f48 is at code_begin+840 in an Interpreter codelet
method entry point (kind = native)  [0x0000000004ff7c00, 0x0000000004ff8560]  2400 bytes
R11=0x0000000070c0b4d0 is an unknown value
R12=0x0000000000000000 is an unknown value
R13=0x0000000026bb48b8 is pointing into metadata
R14=0x000000001ce1d858 is pointing into the stack for thread: 0x000000001be55000
R15=0x000000001be55000 is a thread


Stack: [0x000000001cd20000,0x000000001ce20000],  sp=0x000000001ce1d7c8,  free space=1013k
Native frames: (J=compiled Java code, j=interpreted, Vv=VM code, C=native code)
C  [lwjgl_opengl.dll+0x1075a]

Java frames: (J=compiled Java code, j=interpreted, Vv=VM code)
j  org.lwjgl.opengl.GL11.glReadBuffer(I)V+0
j  fr.quinonero.gui.FxmlReader.initGL()V+84
j  fr.quinonero.gui.FxmlReader.start(Ljavafx/stage/Stage;)V+1
j  com.sun.javafx.application.LauncherImpl.lambda$launchApplication1$161(Ljava/util/concurrent/atomic/AtomicBoolean;Ljavafx/application/Application;)V+20
j  com.sun.javafx.application.LauncherImpl$$Lambda$53.run()V+8
j  com.sun.javafx.application.PlatformImpl.lambda$runAndWait$174(Ljava/lang/Runnable;Ljava/util/concurrent/CountDownLatch;)V+1
j  com.sun.javafx.application.PlatformImpl$$Lambda$46.run()V+8
j  com.sun.javafx.application.PlatformImpl.lambda$null$172(Ljava/lang/Runnable;)Ljava/lang/Void;+1
j  com.sun.javafx.application.PlatformImpl$$Lambda$49.run()Ljava/lang/Object;+4
v  ~StubRoutines::call_stub
j  java.security.AccessController.doPrivileged(Ljava/security/PrivilegedAction;Ljava/security/AccessControlContext;)Ljava/lang/Object;+0
j  com.sun.javafx.application.PlatformImpl.lambda$runLater$173(Ljava/lang/Runnable;Ljava/security/AccessControlContext;)V+7
j  com.sun.javafx.application.PlatformImpl$$Lambda$47.run()V+8
j  com.sun.glass.ui.InvokeLaterDispatcher$Future.run()V+4
v  ~StubRoutines::call_stub
j  com.sun.glass.ui.win.WinApplication._runLoop(Ljava/lang/Runnable;)V+0
j  com.sun.glass.ui.win.WinApplication.lambda$null$147(ILjava/lang/Runnable;)V+8
j  com.sun.glass.ui.win.WinApplication$$Lambda$37.run()V+12
j  java.lang.Thread.run()V+11
v  ~StubRoutines::call_stub

---------------  P R O C E S S  ---------------

Java Threads: ( => current thread )
  0x000000001be89800 JavaThread "JavaFX-Launcher" [_thread_blocked, id=10188, stack(0x0000000023500000,0x0000000023600000)]
  0x000000001be75800 JavaThread "Thread-2" daemon [_thread_in_native, id=2804, stack(0x0000000023400000,0x0000000023500000)]
=>0x000000001be55000 JavaThread "JavaFX Application Thread" [_thread_in_native, id=11320, stack(0x000000001cd20000,0x000000001ce20000)]
  0x000000001bdfc000 JavaThread "Thread-1" daemon [_thread_blocked, id=8168, stack(0x000000001cc20000,0x000000001cd20000)]
  0x000000001bdf1800 JavaThread "QuantumRenderer-0" daemon [_thread_blocked, id=11840, stack(0x000000001c6c0000,0x000000001c7c0000)]
  0x000000001b549800 JavaThread "Service Thread" daemon [_thread_blocked, id=11216, stack(0x000000001b9d0000,0x000000001bad0000)]
  0x000000001b4d1000 JavaThread "C1 CompilerThread2" daemon [_thread_blocked, id=2568, stack(0x000000001b8d0000,0x000000001b9d0000)]
  0x000000001b4cf800 JavaThread "C2 CompilerThread1" daemon [_thread_blocked, id=9344, stack(0x000000001b7d0000,0x000000001b8d0000)]
  0x000000001b475800 JavaThread "C2 CompilerThread0" daemon [_thread_blocked, id=11692, stack(0x000000001b6d0000,0x000000001b7d0000)]
  0x000000001b46b000 JavaThread "Monitor Ctrl-Break" daemon [_thread_in_native, id=2008, stack(0x000000001b5d0000,0x000000001b6d0000)]
  0x0000000019b42800 JavaThread "Attach Listener" daemon [_thread_blocked, id=9600, stack(0x000000001b0d0000,0x000000001b1d0000)]
  0x0000000019b41800 JavaThread "Signal Dispatcher" daemon [_thread_blocked, id=8484, stack(0x000000001afd0000,0x000000001b0d0000)]
  0x0000000019b30000 JavaThread "Finalizer" daemon [_thread_blocked, id=10364, stack(0x000000001adb0000,0x000000001aeb0000)]
  0x0000000019b09800 JavaThread "Reference Handler" daemon [_thread_blocked, id=7100, stack(0x000000001acb0000,0x000000001adb0000)]
  0x0000000004ee6000 JavaThread "main" [_thread_blocked, id=9736, stack(0x0000000004c30000,0x0000000004d30000)]

Other Threads:
  0x0000000019b08000 VMThread [stack: 0x000000001abb0000,0x000000001acb0000] [id=6784]
  0x000000001b59c000 WatcherThread [stack: 0x000000001bad0000,0x000000001bbd0000] [id=9676]

VM state:not at safepoint (normal execution)

VM Mutex/Monitor currently owned by a thread: None

Heap:
 PSYoungGen      total 38400K, used 26003K [0x00000000d5d00000, 0x00000000d8780000, 0x0000000100000000)
  eden space 33280K, 78% used [0x00000000d5d00000,0x00000000d7664df8,0x00000000d7d80000)
  from space 5120K, 0% used [0x00000000d8280000,0x00000000d8280000,0x00000000d8780000)
  to   space 5120K, 0% used [0x00000000d7d80000,0x00000000d7d80000,0x00000000d8280000)
 ParOldGen       total 87552K, used 0K [0x0000000081600000, 0x0000000086b80000, 0x00000000d5d00000)
  object space 87552K, 0% used [0x0000000081600000,0x0000000081600000,0x0000000086b80000)
 Metaspace       used 9249K, capacity 9588K, committed 9728K, reserved 1058816K
  class space    used 1060K, capacity 1196K, committed 1280K, reserved 1048576K

Card table byte_map: [0x00000000143a0000,0x00000000147a0000] byte_map_base: 0x0000000013f95000

Marking Bits: (ParMarkBitMap*) 0x00000000711fd850
 Begin Bits: [0x0000000014e50000, 0x0000000016df8000)
 End Bits:   [0x0000000016df8000, 0x0000000018da0000)

Polling page: 0x0000000004980000

CodeCache: size=245760Kb used=3270Kb max_used=3284Kb free=242489Kb
 bounds [0x0000000004fe0000, 0x0000000005320000, 0x0000000013fe0000]
 total_blobs=1582 nmethods=762 adapters=733
 compilation: enabled

Compilation events (10 events):
Event: 7.245 Thread 0x000000001b4d1000 nmethod 758 0x000000000530f6d0 code [0x000000000530f860, 0x000000000530ff08]
Event: 7.245 Thread 0x000000001b4d1000  759   !   3       sun.nio.ch.NativeThreadSet::remove (50 bytes)
Event: 7.245 Thread 0x000000001b4d1000 nmethod 759 0x0000000005310250 code [0x00000000053103c0, 0x0000000005310808]
Event: 7.245 Thread 0x000000001b4d1000  760       3       java.io.InputStream::read (9 bytes)
Event: 7.245 Thread 0x000000001b4d1000 nmethod 760 0x00000000053109d0 code [0x0000000005310b40, 0x0000000005310d68]
Event: 7.245 Thread 0x000000001b4d1000  761  s    3       sun.nio.ch.ChannelInputStream::read (105 bytes)
Event: 7.246 Thread 0x000000001b4d1000 nmethod 761 0x0000000005310e10 code [0x0000000005311020, 0x0000000005311c78]
Event: 7.246 Thread 0x000000001b4d1000  762       3       sun.nio.ch.Util$BufferCache::next (8 bytes)
Event: 7.246 Thread 0x000000001b4d1000 nmethod 762 0x0000000005312290 code [0x0000000005312400, 0x00000000053125d0]
Event: 7.252 Thread 0x000000001b4cf800 nmethod 753 0x0000000005315bd0 code [0x0000000005315d20, 0x0000000005316608]

GC Heap History (0 events):
No events

Deoptimization events (4 events):
Event: 0.828 Thread 0x0000000004ee6000 Uncommon trap: reason=null_check action=make_not_entrant pc=0x0000000005107eb8 method=java.lang.String.equals(Ljava/lang/Object;)Z @ 8
Event: 2.980 Thread 0x000000001be55000 Uncommon trap: reason=unstable_if action=reinterpret pc=0x00000000051d5bcc method=java.lang.String.replace(CC)Ljava/lang/String; @ 26
Event: 3.151 Thread 0x000000001be55000 Uncommon trap: reason=unstable_if action=reinterpret pc=0x000000000524ce74 method=java.lang.String.lastIndexOf([CII[CIII)I @ 66
Event: 3.483 Thread 0x000000001be55000 Uncommon trap: reason=unstable_if action=reinterpret pc=0x00000000051b18a8 method=java.lang.String.indexOf([CII[CIII)I @ 3

Internal exceptions (10 events):
Event: 4.290 Thread 0x000000001be55000 Exception <a 'java/security/PrivilegedActionException'> (0x00000000d75275c0) thrown at [C:\re\workspace\8-2-build-windows-amd64-cygwin\jdk8u151\9699\hotspot\src\share\vm\prims\jvm.cpp, line 1390]
Event: 4.290 Thread 0x000000001be55000 Exception <a 'java/security/PrivilegedActionException'> (0x00000000d75277d0) thrown at [C:\re\workspace\8-2-build-windows-amd64-cygwin\jdk8u151\9699\hotspot\src\share\vm\prims\jvm.cpp, line 1390]
Event: 7.247 Thread 0x000000001be55000 Exception <a 'sun/nio/fs/WindowsException'> (0x00000000d760a800) thrown at [C:\re\workspace\8-2-build-windows-amd64-cygwin\jdk8u151\9699\hotspot\src\share\vm\prims\jni.cpp, line 709]
Event: 7.247 Thread 0x000000001be55000 Exception <a 'sun/nio/fs/WindowsException'> (0x00000000d760c210) thrown at [C:\re\workspace\8-2-build-windows-amd64-cygwin\jdk8u151\9699\hotspot\src\share\vm\prims\jni.cpp, line 709]
Event: 7.248 Thread 0x000000001be55000 Exception <a 'java/security/PrivilegedActionException'> (0x00000000d7622578) thrown at [C:\re\workspace\8-2-build-windows-amd64-cygwin\jdk8u151\9699\hotspot\src\share\vm\prims\jvm.cpp, line 1390]
Event: 7.248 Thread 0x000000001be55000 Exception <a 'java/security/PrivilegedActionException'> (0x00000000d7622970) thrown at [C:\re\workspace\8-2-build-windows-amd64-cygwin\jdk8u151\9699\hotspot\src\share\vm\prims\jvm.cpp, line 1390]
Event: 7.248 Thread 0x000000001be55000 Exception <a 'java/security/PrivilegedActionException'> (0x00000000d7624e30) thrown at [C:\re\workspace\8-2-build-windows-amd64-cygwin\jdk8u151\9699\hotspot\src\share\vm\prims\jvm.cpp, line 1390]
Event: 7.248 Thread 0x000000001be55000 Exception <a 'java/security/PrivilegedActionException'> (0x00000000d7625228) thrown at [C:\re\workspace\8-2-build-windows-amd64-cygwin\jdk8u151\9699\hotspot\src\share\vm\prims\jvm.cpp, line 1390]
Event: 7.248 Thread 0x000000001be55000 Exception <a 'java/security/PrivilegedActionException'> (0x00000000d762a7d8) thrown at [C:\re\workspace\8-2-build-windows-amd64-cygwin\jdk8u151\9699\hotspot\src\share\vm\prims\jvm.cpp, line 1390]
Event: 7.248 Thread 0x000000001be55000 Exception <a 'java/security/PrivilegedActionException'> (0x00000000d762abd0) thrown at [C:\re\workspace\8-2-build-windows-amd64-cygwin\jdk8u151\9699\hotspot\src\share\vm\prims\jvm.cpp, line 1390]

Events (10 events):
Event: 7.247 loading class java/nio/file/NoSuchFileException
Event: 7.247 loading class java/nio/file/FileSystemException
Event: 7.247 loading class java/nio/file/FileSystemException done
Event: 7.247 loading class java/nio/file/NoSuchFileException done
Event: 7.247 loading class org/lwjgl/opengl/GL$1
Event: 7.247 loading class org/lwjgl/opengl/GL$1 done
Event: 7.248 loading class org/lwjgl/opengl/GL$SharedLibraryGL
Event: 7.248 loading class org/lwjgl/opengl/GL$SharedLibraryGL done
Event: 7.248 loading class org/lwjgl/system/SharedLibrary$Delegate
Event: 7.248 loading class org/lwjgl/system/SharedLibrary$Delegate done


Dynamic libraries:
0x00007ff6bce00000 - 0x00007ff6bce37000 	C:\Program Files\Java\jdk1.8.0_151\bin\java.exe
0x00007ff889890000 - 0x00007ff889a70000 	C:\WINDOWS\SYSTEM32\ntdll.dll
0x00007ff8893c0000 - 0x00007ff88946e000 	C:\WINDOWS\System32\KERNEL32.DLL
0x00007ff886150000 - 0x00007ff8863b6000 	C:\WINDOWS\System32\KERNELBASE.dll
0x00007ff886dd0000 - 0x00007ff886e71000 	C:\WINDOWS\System32\ADVAPI32.dll
0x00007ff886e80000 - 0x00007ff886f1d000 	C:\WINDOWS\System32\msvcrt.dll
0x00007ff887f10000 - 0x00007ff887f6b000 	C:\WINDOWS\System32\sechost.dll
0x00007ff887330000 - 0x00007ff88744f000 	C:\WINDOWS\System32\RPCRT4.dll
0x00007ff886f20000 - 0x00007ff8870af000 	C:\WINDOWS\System32\USER32.dll
0x00007ff885da0000 - 0x00007ff885dc0000 	C:\WINDOWS\System32\win32u.dll
0x00007ff8878b0000 - 0x00007ff8878d8000 	C:\WINDOWS\System32\GDI32.dll
0x00007ff885dc0000 - 0x00007ff885f53000 	C:\WINDOWS\System32\gdi32full.dll
0x00007ff885f60000 - 0x00007ff885ffb000 	C:\WINDOWS\System32\msvcp_win.dll
0x00007ff886050000 - 0x00007ff886146000 	C:\WINDOWS\System32\ucrtbase.dll
0x00007ff875c70000 - 0x00007ff875ed9000 	C:\WINDOWS\WinSxS\amd64_microsoft.windows.common-controls_6595b64144ccf1df_6.0.16299.371_none_15c7d1789365a290\COMCTL32.dll
0x00007ff8894d0000 - 0x00007ff8897d8000 	C:\WINDOWS\System32\combase.dll
0x00007ff8863c0000 - 0x00007ff886432000 	C:\WINDOWS\System32\bcryptPrimitives.dll
0x00007ff887450000 - 0x00007ff88747d000 	C:\WINDOWS\System32\IMM32.DLL
0x0000000072720000 - 0x00000000727f2000 	C:\Program Files\Java\jdk1.8.0_151\jre\bin\msvcr100.dll
0x00000000709e0000 - 0x000000007127d000 	C:\Program Files\Java\jdk1.8.0_151\jre\bin\server\jvm.dll
0x00007ff887f70000 - 0x00007ff887f78000 	C:\WINDOWS\System32\PSAPI.DLL
0x00007ff87b000000 - 0x00007ff87b009000 	C:\WINDOWS\SYSTEM32\WSOCK32.dll
0x00007ff887d30000 - 0x00007ff887d9c000 	C:\WINDOWS\System32\WS2_32.dll
0x00007ff8833a0000 - 0x00007ff8833c3000 	C:\WINDOWS\SYSTEM32\WINMM.dll
0x00007ff87cbe0000 - 0x00007ff87cbea000 	C:\WINDOWS\SYSTEM32\VERSION.dll
0x00007ff882f40000 - 0x00007ff882f6a000 	C:\WINDOWS\SYSTEM32\WINMMBASE.dll
0x00007ff886000000 - 0x00007ff88604a000 	C:\WINDOWS\System32\cfgmgr32.dll
0x0000000072710000 - 0x000000007271f000 	C:\Program Files\Java\jdk1.8.0_151\jre\bin\verify.dll
0x00000000726e0000 - 0x0000000072709000 	C:\Program Files\Java\jdk1.8.0_151\jre\bin\java.dll
0x0000000072690000 - 0x00000000726b3000 	C:\Program Files\Java\jdk1.8.0_151\jre\bin\instrument.dll
0x00000000726c0000 - 0x00000000726d6000 	C:\Program Files\Java\jdk1.8.0_151\jre\bin\zip.dll
0x00007ff887f80000 - 0x00007ff8893b6000 	C:\WINDOWS\System32\SHELL32.dll
0x00007ff8870b0000 - 0x00007ff887156000 	C:\WINDOWS\System32\shcore.dll
0x00007ff886440000 - 0x00007ff886b87000 	C:\WINDOWS\System32\windows.storage.dll
0x00007ff886d70000 - 0x00007ff886dc1000 	C:\WINDOWS\System32\shlwapi.dll
0x00007ff885c50000 - 0x00007ff885c61000 	C:\WINDOWS\System32\kernel.appcore.dll
0x00007ff885be0000 - 0x00007ff885c2c000 	C:\WINDOWS\System32\powrprof.dll
0x00007ff885c30000 - 0x00007ff885c4b000 	C:\WINDOWS\System32\profapi.dll
0x00007ff87b360000 - 0x00007ff87b37a000 	C:\Users\isador\AppData\Local\JetBrains\Toolbox\apps\IDEA-U\ch-0\173.3727.127\bin\breakgen64.dll
0x0000000072580000 - 0x000000007259a000 	C:\Program Files\Java\jdk1.8.0_151\jre\bin\net.dll
0x00007ff885470000 - 0x00007ff8854d6000 	C:\WINDOWS\system32\mswsock.dll
0x0000000004d40000 - 0x0000000004d43000 	C:\Program Files\Java\jdk1.8.0_151\jre\bin\api-ms-win-core-console-l1-1-0.dll
0x0000000004d50000 - 0x0000000004d53000 	C:\Program Files\Java\jdk1.8.0_151\jre\bin\api-ms-win-core-datetime-l1-1-0.dll
0x0000000004d60000 - 0x0000000004d63000 	C:\Program Files\Java\jdk1.8.0_151\jre\bin\api-ms-win-core-debug-l1-1-0.dll
0x0000000004d70000 - 0x0000000004d73000 	C:\Program Files\Java\jdk1.8.0_151\jre\bin\api-ms-win-core-errorhandling-l1-1-0.dll
0x0000000004d80000 - 0x0000000004d84000 	C:\Program Files\Java\jdk1.8.0_151\jre\bin\api-ms-win-core-file-l1-1-0.dll
0x0000000004d90000 - 0x0000000004d93000 	C:\Program Files\Java\jdk1.8.0_151\jre\bin\api-ms-win-core-file-l1-2-0.dll
0x0000000004da0000 - 0x0000000004da3000 	C:\Program Files\Java\jdk1.8.0_151\jre\bin\api-ms-win-core-file-l2-1-0.dll
0x0000000004db0000 - 0x0000000004db3000 	C:\Program Files\Java\jdk1.8.0_151\jre\bin\api-ms-win-core-handle-l1-1-0.dll
0x0000000004dc0000 - 0x0000000004dc3000 	C:\Program Files\Java\jdk1.8.0_151\jre\bin\api-ms-win-core-heap-l1-1-0.dll
0x000000001c3d0000 - 0x000000001c3d3000 	C:\Program Files\Java\jdk1.8.0_151\jre\bin\api-ms-win-core-interlocked-l1-1-0.dll
0x000000001c3e0000 - 0x000000001c3e3000 	C:\Program Files\Java\jdk1.8.0_151\jre\bin\api-ms-win-core-libraryloader-l1-1-0.dll
0x000000001c3f0000 - 0x000000001c3f3000 	C:\Program Files\Java\jdk1.8.0_151\jre\bin\api-ms-win-core-localization-l1-2-0.dll
0x000000001c400000 - 0x000000001c403000 	C:\Program Files\Java\jdk1.8.0_151\jre\bin\api-ms-win-core-memory-l1-1-0.dll
0x000000001c410000 - 0x000000001c413000 	C:\Program Files\Java\jdk1.8.0_151\jre\bin\api-ms-win-core-namedpipe-l1-1-0.dll
0x000000001c420000 - 0x000000001c423000 	C:\Program Files\Java\jdk1.8.0_151\jre\bin\api-ms-win-core-processenvironment-l1-1-0.dll
0x000000001c430000 - 0x000000001c433000 	C:\Program Files\Java\jdk1.8.0_151\jre\bin\api-ms-win-core-processthreads-l1-1-0.dll
0x000000001c440000 - 0x000000001c443000 	C:\Program Files\Java\jdk1.8.0_151\jre\bin\api-ms-win-core-processthreads-l1-1-1.dll
0x000000001c450000 - 0x000000001c453000 	C:\Program Files\Java\jdk1.8.0_151\jre\bin\api-ms-win-core-profile-l1-1-0.dll
0x000000001c460000 - 0x000000001c463000 	C:\Program Files\Java\jdk1.8.0_151\jre\bin\api-ms-win-core-rtlsupport-l1-1-0.dll
0x000000001c470000 - 0x000000001c473000 	C:\Program Files\Java\jdk1.8.0_151\jre\bin\api-ms-win-core-string-l1-1-0.dll
0x000000001c480000 - 0x000000001c483000 	C:\Program Files\Java\jdk1.8.0_151\jre\bin\api-ms-win-core-synch-l1-1-0.dll
0x000000001c490000 - 0x000000001c493000 	C:\Program Files\Java\jdk1.8.0_151\jre\bin\api-ms-win-core-synch-l1-2-0.dll
0x000000001c4a0000 - 0x000000001c4a3000 	C:\Program Files\Java\jdk1.8.0_151\jre\bin\api-ms-win-core-sysinfo-l1-1-0.dll
0x000000001c4b0000 - 0x000000001c4b3000 	C:\Program Files\Java\jdk1.8.0_151\jre\bin\api-ms-win-core-timezone-l1-1-0.dll
0x000000001c4c0000 - 0x000000001c4c3000 	C:\Program Files\Java\jdk1.8.0_151\jre\bin\api-ms-win-core-util-l1-1-0.dll
0x000000001c4d0000 - 0x000000001c4d3000 	C:\Program Files\Java\jdk1.8.0_151\jre\bin\api-ms-win-crt-conio-l1-1-0.dll
0x000000001c4e0000 - 0x000000001c4e4000 	C:\Program Files\Java\jdk1.8.0_151\jre\bin\api-ms-win-crt-convert-l1-1-0.dll
0x000000001c4f0000 - 0x000000001c4f3000 	C:\Program Files\Java\jdk1.8.0_151\jre\bin\api-ms-win-crt-environment-l1-1-0.dll
0x000000001c500000 - 0x000000001c503000 	C:\Program Files\Java\jdk1.8.0_151\jre\bin\api-ms-win-crt-filesystem-l1-1-0.dll
0x000000001c510000 - 0x000000001c513000 	C:\Program Files\Java\jdk1.8.0_151\jre\bin\api-ms-win-crt-heap-l1-1-0.dll
0x000000001c520000 - 0x000000001c523000 	C:\Program Files\Java\jdk1.8.0_151\jre\bin\api-ms-win-crt-locale-l1-1-0.dll
0x000000001c530000 - 0x000000001c535000 	C:\Program Files\Java\jdk1.8.0_151\jre\bin\api-ms-win-crt-math-l1-1-0.dll
0x000000001c540000 - 0x000000001c545000 	C:\Program Files\Java\jdk1.8.0_151\jre\bin\api-ms-win-crt-multibyte-l1-1-0.dll
0x000000001c550000 - 0x000000001c560000 	C:\Program Files\Java\jdk1.8.0_151\jre\bin\api-ms-win-crt-private-l1-1-0.dll
0x000000001c560000 - 0x000000001c563000 	C:\Program Files\Java\jdk1.8.0_151\jre\bin\api-ms-win-crt-process-l1-1-0.dll
0x000000001c570000 - 0x000000001c574000 	C:\Program Files\Java\jdk1.8.0_151\jre\bin\api-ms-win-crt-runtime-l1-1-0.dll
0x000000001c580000 - 0x000000001c584000 	C:\Program Files\Java\jdk1.8.0_151\jre\bin\api-ms-win-crt-stdio-l1-1-0.dll
0x000000001c590000 - 0x000000001c594000 	C:\Program Files\Java\jdk1.8.0_151\jre\bin\api-ms-win-crt-string-l1-1-0.dll
0x000000001c5a0000 - 0x000000001c5a3000 	C:\Program Files\Java\jdk1.8.0_151\jre\bin\api-ms-win-crt-time-l1-1-0.dll
0x000000001c5b0000 - 0x000000001c5b3000 	C:\Program Files\Java\jdk1.8.0_151\jre\bin\api-ms-win-crt-utility-l1-1-0.dll
0x00007ff853e20000 - 0x00007ff853f16000 	C:\Program Files\Java\jdk1.8.0_151\jre\bin\ucrtbase.dll
0x00007ff859e70000 - 0x00007ff859ec1000 	C:\Program Files\Java\jdk1.8.0_151\jre\bin\concrt140.dll
0x00007ff87b2b0000 - 0x00007ff87b2c6000 	C:\WINDOWS\SYSTEM32\VCRUNTIME140.dll
0x00007ff853770000 - 0x00007ff85380f000 	C:\WINDOWS\SYSTEM32\MSVCP140.dll
0x00007ff878350000 - 0x00007ff878366000 	C:\Program Files\Java\jdk1.8.0_151\jre\bin\vcruntime140.dll
0x00007ff8536d0000 - 0x00007ff85376c000 	C:\Program Files\Java\jdk1.8.0_151\jre\bin\msvcp140.dll
0x0000000072530000 - 0x0000000072553000 	C:\Program Files\Java\jdk1.8.0_151\jre\bin\prism_d3d.dll
0x00007ff87a470000 - 0x00007ff87a605000 	C:\WINDOWS\system32\d3d9.dll
0x00007ff8845b0000 - 0x00007ff8845da000 	C:\WINDOWS\SYSTEM32\dwmapi.dll
0x00007ff884130000 - 0x00007ff8841c5000 	C:\WINDOWS\system32\uxtheme.dll
0x00007ff828510000 - 0x00007ff82c21b000 	C:\WINDOWS\System32\DriverStore\FileRepository\igdlh64.inf_amd64_2e329e8610bbb375\igdumdim64.dll
0x00007ff8878e0000 - 0x00007ff887d2e000 	C:\WINDOWS\System32\SETUPAPI.dll
0x00007ff887760000 - 0x00007ff8878a9000 	C:\WINDOWS\System32\ole32.dll
0x00007ff887da0000 - 0x00007ff887e65000 	C:\WINDOWS\System32\OLEAUT32.dll
0x00000000724e0000 - 0x0000000072529000 	C:\Program Files\Java\jdk1.8.0_151\jre\bin\glass.dll
0x00007ff8874a0000 - 0x00007ff8875aa000 	C:\WINDOWS\System32\COMDLG32.dll
0x00007ff887160000 - 0x00007ff8872c7000 	C:\WINDOWS\System32\MSCTF.dll
0x00007ff87b5d0000 - 0x00007ff87cbdc000 	C:\WINDOWS\System32\DriverStore\FileRepository\igdlh64.inf_amd64_2e329e8610bbb375\igc64.dll
0x0000000072560000 - 0x0000000072571000 	C:\Program Files\Java\jdk1.8.0_151\jre\bin\nio.dll
0x00007ff853dc0000 - 0x00007ff853e1b000 	C:\Users\isador\AppData\Local\Temp\lwjglisador\3.1.6-build-14\lwjgl.dll
0x00007ff853910000 - 0x00007ff853961000 	C:\Users\isador\AppData\Local\Temp\lwjglisador\3.1.6-build-14\glfw.dll
0x00007ff876180000 - 0x00007ff8761c3000 	C:\WINDOWS\SYSTEM32\dinput8.dll
0x00007ff87f570000 - 0x00007ff87f580000 	C:\WINDOWS\SYSTEM32\xinput1_4.dll
0x00007ff8859f0000 - 0x00007ff885a17000 	C:\WINDOWS\SYSTEM32\DEVOBJ.dll
0x00007ff87f130000 - 0x00007ff87f15e000 	C:\WINDOWS\SYSTEM32\inputhost.dll
0x00007ff880910000 - 0x00007ff880bfe000 	C:\WINDOWS\SYSTEM32\CoreUIComponents.dll
0x00007ff882b40000 - 0x00007ff882c1c000 	C:\WINDOWS\SYSTEM32\CoreMessaging.dll
0x00007ff884d40000 - 0x00007ff884d71000 	C:\WINDOWS\SYSTEM32\ntmarta.dll
0x00007ff881cd0000 - 0x00007ff881e06000 	C:\WINDOWS\SYSTEM32\wintypes.dll
0x00007ff884990000 - 0x00007ff88499c000 	C:\WINDOWS\SYSTEM32\HID.DLL
0x00007ff885c90000 - 0x00007ff885ce8000 	C:\WINDOWS\System32\WINTRUST.dll
0x00007ff885c70000 - 0x00007ff885c82000 	C:\WINDOWS\System32\MSASN1.dll
0x00007ff886b90000 - 0x00007ff886d5e000 	C:\WINDOWS\System32\CRYPT32.dll
0x00007ff877740000 - 0x00007ff87785e000 	C:\WINDOWS\SYSTEM32\opengl32.dll
0x00007ff879560000 - 0x00007ff87958c000 	C:\WINDOWS\SYSTEM32\GLU32.dll
0x00007ff83b1e0000 - 0x00007ff83c0f0000 	C:\WINDOWS\System32\DriverStore\FileRepository\igdlh64.inf_amd64_2e329e8610bbb375\ig9icd64.dll
0x00007ff882970000 - 0x00007ff882983000 	C:\WINDOWS\SYSTEM32\WTSAPI32.dll
0x00007ff884a40000 - 0x00007ff884aef000 	C:\WINDOWS\SYSTEM32\dxgi.dll
0x00007ff876120000 - 0x00007ff87617f000 	C:\Users\isador\AppData\Local\Temp\lwjglisador\3.1.6-build-14\lwjgl_opengl.dll
0x00007ff865d10000 - 0x00007ff865ed8000 	C:\WINDOWS\SYSTEM32\dbghelp.dll

VM Arguments:
jvm_args: -javaagent:C:\Users\isador\AppData\Local\JetBrains\Toolbox\apps\IDEA-U\ch-0\173.3727.127\lib\idea_rt.jar=57857:C:\Users\isador\AppData\Local\JetBrains\Toolbox\apps\IDEA-U\ch-0\173.3727.127\bin -Dfile.encoding=UTF-8 
java_command: fr.quinonero.gui.FxmlReader
java_class_path (initial): C:\Program Files\Java\jdk1.8.0_151\jre\lib\charsets.jar;C:\Program Files\Java\jdk1.8.0_151\jre\lib\deploy.jar;C:\Program Files\Java\jdk1.8.0_151\jre\lib\ext\access-bridge-64.jar;C:\Program Files\Java\jdk1.8.0_151\jre\lib\ext\cldrdata.jar;C:\Program Files\Java\jdk1.8.0_151\jre\lib\ext\dnsns.jar;C:\Program Files\Java\jdk1.8.0_151\jre\lib\ext\jaccess.jar;C:\Program Files\Java\jdk1.8.0_151\jre\lib\ext\jfxrt.jar;C:\Program Files\Java\jdk1.8.0_151\jre\lib\ext\localedata.jar;C:\Program Files\Java\jdk1.8.0_151\jre\lib\ext\nashorn.jar;C:\Program Files\Java\jdk1.8.0_151\jre\lib\ext\sunec.jar;C:\Program Files\Java\jdk1.8.0_151\jre\lib\ext\sunjce_provider.jar;C:\Program Files\Java\jdk1.8.0_151\jre\lib\ext\sunmscapi.jar;C:\Program Files\Java\jdk1.8.0_151\jre\lib\ext\sunpkcs11.jar;C:\Program Files\Java\jdk1.8.0_151\jre\lib\ext\zipfs.jar;C:\Program Files\Java\jdk1.8.0_151\jre\lib\javaws.jar;C:\Program Files\Java\jdk1.8.0_151\jre\lib\jce.jar;C:\Program Files\Java\jdk1.8.0_151\jre\lib\jfr.jar;C:\Program Files\Java\jdk1.8.0_151\jre\lib\jfxswt.jar;C:\Program Files\Java\jdk1.8.0_151\jre\lib\jsse.jar;C:\Program Files\Java\jdk1.8.0_151\jre\lib\management-agent.jar;C:\Program Files\Java\jdk1.8.0_151\jre\lib\plugin.jar;C:\Program Files\Java\jdk1.8.0_151\jre\lib\resources.jar;C:\Program Files\Java\jdk1.8.0_151\jre\lib\rt.jar;C:\Users\isador\IdeaProject\electrowave-simulator\out\production\classes;C:\Users\isador\IdeaProject\electrowave-simulator\out\production\resources;C:\Users\isador\.gradle\caches\modules-2\files-2.1\org.lwjgl\lwjgl-assimp\3.1.6\11420947d50dbfd70cb942a1e768a6f0b0336a95\lwjgl-assimp-3.1.6.jar;C:\Users\isador\.gradle\caches\modules-2\files-2.1\org.lwjgl\lwjgl-openvr\3.1.6\393ed9c27af2ffe4b4917412a60201b1b9516171\lwjgl-openvr-3.1.6-natives-windows.jar;C:\Users\isador\.gradle\caches\modules-2\files-2.1\org.lwjgl\lwjgl-bgfx\3.1.6\f90fb13936616d16b2adcd9a24671a68c2070aed\lwjgl-bgfx-3.1.6.jar;C:\Users\isador\.gradle\caches\modules-2\files-2.1\org.lw
Launcher Type: SUN_STANDARD

Environment Variables:
PATH=C:\ProgramData\Oracle\Java\javapath;C:\Windows\system32;C:\Windows;C:\Windows\System32\Wbem;C:\Windows\System32\WindowsPowerShell\v1.0\;C:\Program Files\Git\cmd;C:\Program Files (x86)\NVIDIA Corporation\PhysX\Common;C:\WINDOWS\system32;C:\WINDOWS;C:\WINDOWS\System32\Wbem;C:\WINDOWS\System32\WindowsPowerShell\v1.0\;C:\cygwin64\bin\;C:\Users\isador\AppData\Local\bin\NASM\;C:\Program Files\Microsoft SQL Server\Client SDK\ODBC\110\Tools\Binn\;C:\Program Files (x86)\Microsoft SQL Server\120\Tools\Binn\;C:\Program Files\Microsoft SQL Server\120\Tools\Binn\;C:\Program Files\Microsoft SQL Server\120\DTS\Binn\;C:\Program Files (x86)\Windows Kits\8.1\Windows Performance Toolkit\;C:\Users\isador\AppData\Local\Microsoft\WindowsApps;
USERNAME=isador
OS=Windows_NT
PROCESSOR_IDENTIFIER=Intel64 Family 6 Model 94 Stepping 3, GenuineIntel



---------------  S Y S T E M  ---------------

OS: Windows 10.0 , 64 bit Build 16299 (10.0.16299.15)

CPU:total 4 (initial active 4) (4 cores per cpu, 1 threads per core) family 6 model 94 stepping 3, cmov, cx8, fxsr, mmx, sse, sse2, sse3, ssse3, sse4.1, sse4.2, popcnt, avx, avx2, aes, clmul, erms, rtm, 3dnowpref, lzcnt, tsc, tscinvbit, bmi1, bmi2, adx

Memory: 4k page, physical 8290884k(3706276k free), swap 10511084k(4617036k free)

vm_info: Java HotSpot(TM) 64-Bit Server VM (25.151-b12) for windows-amd64 JRE (1.8.0_151-b12), built on Sep  5 2017 19:33:46 by "java_re" with MS VC++ 10.0 (VS2010)

time: Mon Apr 23 18:52:07 2018
elapsed time: 7 seconds (0d 0h 0m 7s)

