#
# A fatal error has been detected by the Java Runtime Environment:
#
#  EXCEPTION_ACCESS_VIOLATION (0xc0000005) at pc=0x00007ff875b707b2, pid=3444, tid=0x0000000000002dec
#
# JRE version: Java(TM) SE Runtime Environment (8.0_151-b12) (build 1.8.0_151-b12)
# Java VM: Java HotSpot(TM) 64-Bit Server VM (25.151-b12 mixed mode windows-amd64 compressed oops)
# Problematic frame:
# C  0x00007ff875b707b2
#
# Failed to write core dump. Minidumps are not enabled by default on client versions of Windows
#
# If you would like to submit a bug report, please visit:
#   http://bugreport.java.com/bugreport/crash.jsp
# The crash happened outside the Java Virtual Machine in native code.
# See problematic frame for where to report the bug.
#

---------------  T H R E A D  ---------------

Current thread (0x000000001bfed000):  JavaThread "JavaFX Application Thread" [_thread_in_native, id=11756, stack(0x000000001ce80000,0x000000001cf80000)]

siginfo: ExceptionCode=0xc0000005, reading address 0x0000000000002dd0

Registers:
RAX=0x0000000000001908, RBX=0x0000000000000000, RCX=0x0000000000000000, RDX=0x0000000000000000
RSP=0x000000001cf7d040, RBP=0x000000001cf7d138, RSI=0x0000000020038943, RDI=0x0000000005207e70
R8 =0x0000000000000310, R9 =0x000000000000026f, R10=0x0000000000000000, R11=0x0000000070c0b4d0
R12=0x0000000000000000, R13=0x0000000029c20368, R14=0x000000001cf7d190, R15=0x000000001bfed000
RIP=0x00007ff875b707b2, EFLAGS=0x0000000000010202

Top of Stack: (sp=0x000000001cf7d040)
0x000000001cf7d040:   0000000029c20368 000000001bfed000
0x000000001cf7d050:   0000000005207e70 0000000005217e06
0x000000001cf7d060:   0000000000001908 0000000000001401
0x000000001cf7d070:   0000000027de4040 0000000020038943
0x000000001cf7d080:   0000000029c20368 0000000005217f74
0x000000001cf7d090:   000000001bfe5450 0000000070a973da
0x000000001cf7d0a0:   000000001cf7d8c8 000000001cf7d138
0x000000001cf7d0b0:   0000000000000310 000000000000026f
0x000000001cf7d0c0:   0000000000001908 0000000000001401
0x000000001cf7d0d0:   0000000027de4040 0000000029c20368
0x000000001cf7d0e0:   0000000020038943 000000001bfed000
0x000000001cf7d0f0:   0000000005217ca2 000000001cf7d0f8
0x000000001cf7d100:   0000000029c20368 000000001cf7d190
0x000000001cf7d110:   0000000029c38828 0000000000000000
0x000000001cf7d120:   0000000029c20368 0000000000000000
0x000000001cf7d130:   000000001cf7d158 000000001cf7d1d8 

Instructions: (pc=0x00007ff875b707b2)
0x00007ff875b70792:   24 90 00 00 00 48 89 44 24 30 8b 84 24 88 00 00
0x00007ff875b707a2:   00 89 44 24 28 8b 84 24 80 00 00 00 89 44 24 20
0x00007ff875b707b2:   41 ff 92 d0 2d 00 00 48 83 c4 40 5b c3 cc 40 53
0x00007ff875b707c2:   48 8b 01 41 8b d8 44 8b 44 24 30 41 8b d1 44 8b 


Register to memory mapping:

RAX=0x0000000000001908 is an unknown value
RBX=0x0000000000000000 is an unknown value
RCX=0x0000000000000000 is an unknown value
RDX=0x0000000000000000 is an unknown value
RSP=0x000000001cf7d040 is pointing into the stack for thread: 0x000000001bfed000
RBP=0x000000001cf7d138 is pointing into the stack for thread: 0x000000001bfed000
RSI=0x0000000020038943 is an unknown value
RDI=0x0000000005207e70 is at code_begin+1040 in an Interpreter codelet
invoke return entry points  [0x0000000005207a60, 0x0000000005208440]  2528 bytes
R8 =0x0000000000000310 is an unknown value
R9 =0x000000000000026f is an unknown value
R10=0x0000000000000000 is an unknown value
R11=0x0000000070c0b4d0 is an unknown value
R12=0x0000000000000000 is an unknown value
R13={method} {0x0000000029c20370} 'nglReadPixels' '(IIIIIIJ)V' in 'org/lwjgl/opengl/GL11'
R14=0x000000001cf7d190 is pointing into the stack for thread: 0x000000001bfed000
R15=0x000000001bfed000 is a thread


Stack: [0x000000001ce80000,0x000000001cf80000],  sp=0x000000001cf7d040,  free space=1012k
Native frames: (J=compiled Java code, j=interpreted, Vv=VM code, C=native code)
C  0x00007ff875b707b2
C  0x0000000005217f74

Java frames: (J=compiled Java code, j=interpreted, Vv=VM code)
j  org.lwjgl.opengl.GL11.nglReadPixels(IIIIIIJ)V+0
j  org.lwjgl.opengl.GL11.glReadPixels(IIIIIILjava/nio/ByteBuffer;)V+13
j  fr.quinonero.gui.Controller$3.handle(Ljavafx/event/ActionEvent;)V+27
j  fr.quinonero.gui.Controller$3.handle(Ljavafx/event/Event;)V+5
j  com.sun.scenario.animation.shared.TimelineClipCore.visitKeyFrame(IJ)V+58
j  com.sun.scenario.animation.shared.TimelineClipCore.playTo(J)V+153
j  javafx.animation.Timeline.impl_playTo(JJ)V+5
j  javafx.animation.AnimationAccessorImpl.playTo(Ljavafx/animation/Animation;JJ)V+4
j  com.sun.scenario.animation.shared.InfiniteClipEnvelope.timePulse(J)V+157
j  javafx.animation.Animation.impl_timePulse(J)V+13
j  javafx.animation.Animation$1.lambda$timePulse$25(J)Ljava/lang/Void;+5
j  javafx.animation.Animation$1$$Lambda$188.run()Ljava/lang/Object;+8
v  ~StubRoutines::call_stub
j  java.security.AccessController.doPrivileged(Ljava/security/PrivilegedAction;Ljava/security/AccessControlContext;)Ljava/lang/Object;+0
j  javafx.animation.Animation$1.timePulse(J)V+51
j  com.sun.scenario.animation.AbstractMasterTimer.timePulseImpl(J)V+61
j  com.sun.scenario.animation.AbstractMasterTimer$MainLoop.run()V+41
j  com.sun.javafx.tk.quantum.QuantumToolkit.pulse(Z)V+80
j  com.sun.javafx.tk.quantum.QuantumToolkit.pulse()V+2
j  com.sun.javafx.tk.quantum.QuantumToolkit.lambda$runToolkit$403()V+1
j  com.sun.javafx.tk.quantum.QuantumToolkit$$Lambda$41.run()V+4
j  com.sun.glass.ui.InvokeLaterDispatcher$Future.run()V+4
v  ~StubRoutines::call_stub
j  com.sun.glass.ui.win.WinApplication._runLoop(Ljava/lang/Runnable;)V+0
j  com.sun.glass.ui.win.WinApplication.lambda$null$147(ILjava/lang/Runnable;)V+8
j  com.sun.glass.ui.win.WinApplication$$Lambda$37.run()V+12
j  java.lang.Thread.run()V+11
v  ~StubRoutines::call_stub

---------------  P R O C E S S  ---------------

Java Threads: ( => current thread )
  0x000000001c395000 JavaThread "Prism Font Disposer" daemon [_thread_blocked, id=1412, stack(0x0000000029a00000,0x0000000029b00000)]
  0x000000001c025800 JavaThread "Thread-3" daemon [_thread_in_native, id=7820, stack(0x00000000235d0000,0x00000000236d0000)]
  0x000000001c06b800 JavaThread "JavaFX-Launcher" [_thread_blocked, id=6388, stack(0x00000000236d0000,0x00000000237d0000)]
=>0x000000001bfed000 JavaThread "JavaFX Application Thread" [_thread_in_native, id=11756, stack(0x000000001ce80000,0x000000001cf80000)]
  0x000000001bff6800 JavaThread "Thread-1" daemon [_thread_blocked, id=7252, stack(0x000000001cd80000,0x000000001ce80000)]
  0x000000001bf80000 JavaThread "QuantumRenderer-0" daemon [_thread_blocked, id=8200, stack(0x000000001c820000,0x000000001c920000)]
  0x000000001b6ec800 JavaThread "Service Thread" daemon [_thread_blocked, id=10192, stack(0x000000001bbd0000,0x000000001bcd0000)]
  0x000000001b679000 JavaThread "C1 CompilerThread2" daemon [_thread_blocked, id=7488, stack(0x000000001bad0000,0x000000001bbd0000)]
  0x000000001b674000 JavaThread "C2 CompilerThread1" daemon [_thread_blocked, id=11292, stack(0x000000001b9d0000,0x000000001bad0000)]
  0x000000001b671800 JavaThread "C2 CompilerThread0" daemon [_thread_blocked, id=1216, stack(0x000000001b8d0000,0x000000001b9d0000)]
  0x000000001b5fe800 JavaThread "Monitor Ctrl-Break" daemon [_thread_in_native, id=9708, stack(0x000000001b7d0000,0x000000001b8d0000)]
  0x0000000019d62800 JavaThread "Attach Listener" daemon [_thread_blocked, id=4276, stack(0x000000001b2d0000,0x000000001b3d0000)]
  0x0000000019d61000 JavaThread "Signal Dispatcher" daemon [_thread_blocked, id=12124, stack(0x000000001b1d0000,0x000000001b2d0000)]
  0x00000000051fd800 JavaThread "Finalizer" daemon [_thread_blocked, id=2056, stack(0x000000001afb0000,0x000000001b0b0000)]
  0x00000000051f8000 JavaThread "Reference Handler" daemon [_thread_blocked, id=7580, stack(0x000000001aeb0000,0x000000001afb0000)]
  0x0000000005106000 JavaThread "main" [_thread_blocked, id=2592, stack(0x0000000004ef0000,0x0000000004ff0000)]

Other Threads:
  0x0000000019d27800 VMThread [stack: 0x000000001adb0000,0x000000001aeb0000] [id=7376]
  0x000000001b7c6000 WatcherThread [stack: 0x000000001c4d0000,0x000000001c5d0000] [id=3188]

VM state:not at safepoint (normal execution)

VM Mutex/Monitor currently owned by a thread: None

Heap:
 PSYoungGen      total 38400K, used 24720K [0x00000000d5d00000, 0x00000000d8780000, 0x0000000100000000)
  eden space 33280K, 61% used [0x00000000d5d00000,0x00000000d7111450,0x00000000d7d80000)
  from space 5120K, 81% used [0x00000000d7d80000,0x00000000d8192e78,0x00000000d8280000)
  to   space 5120K, 0% used [0x00000000d8280000,0x00000000d8280000,0x00000000d8780000)
 ParOldGen       total 87552K, used 16K [0x0000000081600000, 0x0000000086b80000, 0x00000000d5d00000)
  object space 87552K, 0% used [0x0000000081600000,0x0000000081604000,0x0000000086b80000)
 Metaspace       used 17661K, capacity 18296K, committed 18560K, reserved 1064960K
  class space    used 2434K, capacity 2639K, committed 2688K, reserved 1048576K

Card table byte_map: [0x00000000145c0000,0x00000000149c0000] byte_map_base: 0x00000000141b5000

Marking Bits: (ParMarkBitMap*) 0x00000000711fd850
 Begin Bits: [0x0000000015070000, 0x0000000017018000)
 End Bits:   [0x0000000017018000, 0x0000000018fc0000)

Polling page: 0x0000000004e10000

CodeCache: size=245760Kb used=4762Kb max_used=4776Kb free=240997Kb
 bounds [0x0000000005200000, 0x00000000056b0000, 0x0000000014200000]
 total_blobs=2314 nmethods=1270 adapters=956
 compilation: enabled

Compilation events (10 events):
Event: 3.371 Thread 0x000000001b679000 nmethod 1265 0x00000000056a0a50 code [0x00000000056a0bc0, 0x00000000056a0de8]
Event: 3.371 Thread 0x000000001b679000 1266  s    3       sun.nio.ch.ChannelInputStream::read (105 bytes)
Event: 3.372 Thread 0x000000001b679000 nmethod 1266 0x00000000056a3e90 code [0x00000000056a40a0, 0x00000000056a4cd8]
Event: 3.372 Thread 0x000000001b679000 1267       3       sun.nio.ch.Util$BufferCache::next (8 bytes)
Event: 3.372 Thread 0x000000001b679000 nmethod 1267 0x00000000056a5250 code [0x00000000056a53c0, 0x00000000056a5590]
Event: 3.372 Thread 0x000000001b679000 1268       3       sun.nio.fs.WindowsPathParser::isInvalidPathChar (22 bytes)
Event: 3.373 Thread 0x000000001b679000 nmethod 1268 0x00000000056a5650 code [0x00000000056a57c0, 0x00000000056a5b28]
Event: 3.373 Thread 0x000000001b679000 1269       3       java.util.Stack::empty (13 bytes)
Event: 3.373 Thread 0x000000001b679000 nmethod 1269 0x00000000056a5c10 code [0x00000000056a5d80, 0x00000000056a6150]
Event: 3.374 Thread 0x000000001b679000 1270       3       java.io.File::<init> (113 bytes)

GC Heap History (2 events):
Event: 1.567 GC heap before
{Heap before GC invocations=1 (full 0):
 PSYoungGen      total 38400K, used 33280K [0x00000000d5d00000, 0x00000000d8780000, 0x0000000100000000)
  eden space 33280K, 100% used [0x00000000d5d00000,0x00000000d7d80000,0x00000000d7d80000)
  from space 5120K, 0% used [0x00000000d8280000,0x00000000d8280000,0x00000000d8780000)
  to   space 5120K, 0% used [0x00000000d7d80000,0x00000000d7d80000,0x00000000d8280000)
 ParOldGen       total 87552K, used 0K [0x0000000081600000, 0x0000000086b80000, 0x00000000d5d00000)
  object space 87552K, 0% used [0x0000000081600000,0x0000000081600000,0x0000000086b80000)
 Metaspace       used 12203K, capacity 12664K, committed 12928K, reserved 1060864K
  class space    used 1505K, capacity 1659K, committed 1664K, reserved 1048576K
Event: 1.572 GC heap after
Heap after GC invocations=1 (full 0):
 PSYoungGen      total 38400K, used 4171K [0x00000000d5d00000, 0x00000000d8780000, 0x0000000100000000)
  eden space 33280K, 0% used [0x00000000d5d00000,0x00000000d5d00000,0x00000000d7d80000)
  from space 5120K, 81% used [0x00000000d7d80000,0x00000000d8192e78,0x00000000d8280000)
  to   space 5120K, 0% used [0x00000000d8280000,0x00000000d8280000,0x00000000d8780000)
 ParOldGen       total 87552K, used 16K [0x0000000081600000, 0x0000000086b80000, 0x00000000d5d00000)
  object space 87552K, 0% used [0x0000000081600000,0x0000000081604000,0x0000000086b80000)
 Metaspace       used 12203K, capacity 12664K, committed 12928K, reserved 1060864K
  class space    used 1505K, capacity 1659K, committed 1664K, reserved 1048576K
}

Deoptimization events (10 events):
Event: 1.926 Thread 0x000000001bfed000 Uncommon trap: reason=class_check action=maybe_recompile pc=0x00000000053bf070 method=java.lang.String.equals(Ljava/lang/Object;)Z @ 8
Event: 1.926 Thread 0x000000001bfed000 Uncommon trap: reason=class_check action=maybe_recompile pc=0x00000000053bf070 method=java.lang.String.equals(Ljava/lang/Object;)Z @ 8
Event: 1.926 Thread 0x000000001bfed000 Uncommon trap: reason=class_check action=maybe_recompile pc=0x00000000053bf070 method=java.lang.String.equals(Ljava/lang/Object;)Z @ 8
Event: 1.931 Thread 0x000000001bfed000 Uncommon trap: reason=class_check action=maybe_recompile pc=0x00000000053bf070 method=java.lang.String.equals(Ljava/lang/Object;)Z @ 8
Event: 1.985 Thread 0x000000001bfed000 Uncommon trap: reason=unstable_if action=reinterpret pc=0x00000000055d3128 method=java.lang.String.regionMatches(ZILjava/lang/String;II)Z @ 123
Event: 2.098 Thread 0x000000001bfed000 Uncommon trap: reason=unstable_if action=reinterpret pc=0x00000000055e3468 method=jdk.internal.org.objectweb.asm.Type.getArgumentsAndReturnSizes(Ljava/lang/String;)I @ 47
Event: 3.365 Thread 0x000000001bfed000 Uncommon trap: reason=class_check action=maybe_recompile pc=0x000000000566aa70 method=java.io.FilterInputStream.read()I @ 4
Event: 3.365 Thread 0x000000001bfed000 Uncommon trap: reason=class_check action=maybe_recompile pc=0x000000000566aa70 method=java.io.FilterInputStream.read()I @ 4
Event: 3.365 Thread 0x000000001bfed000 Uncommon trap: reason=class_check action=maybe_recompile pc=0x000000000566aa70 method=java.io.FilterInputStream.read()I @ 4
Event: 3.365 Thread 0x000000001bfed000 Uncommon trap: reason=class_check action=maybe_recompile pc=0x000000000566aa70 method=java.io.FilterInputStream.read()I @ 4

Internal exceptions (10 events):
Event: 1.696 Thread 0x000000001bfed000 Exception <a 'java/lang/ArrayIndexOutOfBoundsException'> (0x00000000d5fd4378) thrown at [C:\re\workspace\8-2-build-windows-amd64-cygwin\jdk8u151\9699\hotspot\src\share\vm\runtime\sharedRuntime.cpp, line 605]
Event: 1.696 Thread 0x000000001bfed000 Exception <a 'java/lang/ArrayIndexOutOfBoundsException'> (0x00000000d5fd6220) thrown at [C:\re\workspace\8-2-build-windows-amd64-cygwin\jdk8u151\9699\hotspot\src\share\vm\runtime\sharedRuntime.cpp, line 605]
Event: 3.372 Thread 0x000000001bfed000 Exception <a 'sun/nio/fs/WindowsException'> (0x00000000d70e45a0) thrown at [C:\re\workspace\8-2-build-windows-amd64-cygwin\jdk8u151\9699\hotspot\src\share\vm\prims\jni.cpp, line 709]
Event: 3.373 Thread 0x000000001bfed000 Exception <a 'sun/nio/fs/WindowsException'> (0x00000000d70e6198) thrown at [C:\re\workspace\8-2-build-windows-amd64-cygwin\jdk8u151\9699\hotspot\src\share\vm\prims\jni.cpp, line 709]
Event: 3.374 Thread 0x000000001bfed000 Exception <a 'java/security/PrivilegedActionException'> (0x00000000d70fce88) thrown at [C:\re\workspace\8-2-build-windows-amd64-cygwin\jdk8u151\9699\hotspot\src\share\vm\prims\jvm.cpp, line 1390]
Event: 3.374 Thread 0x000000001bfed000 Exception <a 'java/security/PrivilegedActionException'> (0x00000000d70fd280) thrown at [C:\re\workspace\8-2-build-windows-amd64-cygwin\jdk8u151\9699\hotspot\src\share\vm\prims\jvm.cpp, line 1390]
Event: 3.374 Thread 0x000000001bfed000 Exception <a 'java/security/PrivilegedActionException'> (0x00000000d70ff928) thrown at [C:\re\workspace\8-2-build-windows-amd64-cygwin\jdk8u151\9699\hotspot\src\share\vm\prims\jvm.cpp, line 1390]
Event: 3.374 Thread 0x000000001bfed000 Exception <a 'java/security/PrivilegedActionException'> (0x00000000d70ffd20) thrown at [C:\re\workspace\8-2-build-windows-amd64-cygwin\jdk8u151\9699\hotspot\src\share\vm\prims\jvm.cpp, line 1390]
Event: 3.374 Thread 0x000000001bfed000 Exception <a 'java/security/PrivilegedActionException'> (0x00000000d71054b8) thrown at [C:\re\workspace\8-2-build-windows-amd64-cygwin\jdk8u151\9699\hotspot\src\share\vm\prims\jvm.cpp, line 1390]
Event: 3.374 Thread 0x000000001bfed000 Exception <a 'java/security/PrivilegedActionException'> (0x00000000d71058b0) thrown at [C:\re\workspace\8-2-build-windows-amd64-cygwin\jdk8u151\9699\hotspot\src\share\vm\prims\jvm.cpp, line 1390]

Events (10 events):
Event: 3.373 loading class java/nio/file/NoSuchFileException
Event: 3.373 loading class java/nio/file/FileSystemException
Event: 3.373 loading class java/nio/file/FileSystemException done
Event: 3.373 loading class java/nio/file/NoSuchFileException done
Event: 3.373 loading class org/lwjgl/opengl/GL$1
Event: 3.373 loading class org/lwjgl/opengl/GL$1 done
Event: 3.373 loading class org/lwjgl/opengl/GL$SharedLibraryGL
Event: 3.373 loading class org/lwjgl/opengl/GL$SharedLibraryGL done
Event: 3.374 loading class org/lwjgl/system/SharedLibrary$Delegate
Event: 3.374 loading class org/lwjgl/system/SharedLibrary$Delegate done


Dynamic libraries:
0x00007ff6bce00000 - 0x00007ff6bce37000 	C:\Program Files\Java\jdk1.8.0_151\bin\java.exe
0x00007ff889890000 - 0x00007ff889a70000 	C:\WINDOWS\SYSTEM32\ntdll.dll
0x00007ff8893c0000 - 0x00007ff88946e000 	C:\WINDOWS\System32\KERNEL32.DLL
0x00007ff886150000 - 0x00007ff8863b6000 	C:\WINDOWS\System32\KERNELBASE.dll
0x00007ff886dd0000 - 0x00007ff886e71000 	C:\WINDOWS\System32\ADVAPI32.dll
0x00007ff886e80000 - 0x00007ff886f1d000 	C:\WINDOWS\System32\msvcrt.dll
0x00007ff887f10000 - 0x00007ff887f6b000 	C:\WINDOWS\System32\sechost.dll
0x00007ff887330000 - 0x00007ff88744f000 	C:\WINDOWS\System32\RPCRT4.dll
0x00007ff886f20000 - 0x00007ff8870af000 	C:\WINDOWS\System32\USER32.dll
0x00007ff885da0000 - 0x00007ff885dc0000 	C:\WINDOWS\System32\win32u.dll
0x00007ff8878b0000 - 0x00007ff8878d8000 	C:\WINDOWS\System32\GDI32.dll
0x00007ff885dc0000 - 0x00007ff885f53000 	C:\WINDOWS\System32\gdi32full.dll
0x00007ff885f60000 - 0x00007ff885ffb000 	C:\WINDOWS\System32\msvcp_win.dll
0x00007ff886050000 - 0x00007ff886146000 	C:\WINDOWS\System32\ucrtbase.dll
0x00007ff875c70000 - 0x00007ff875ed9000 	C:\WINDOWS\WinSxS\amd64_microsoft.windows.common-controls_6595b64144ccf1df_6.0.16299.371_none_15c7d1789365a290\COMCTL32.dll
0x00007ff8894d0000 - 0x00007ff8897d8000 	C:\WINDOWS\System32\combase.dll
0x00007ff8863c0000 - 0x00007ff886432000 	C:\WINDOWS\System32\bcryptPrimitives.dll
0x00007ff887450000 - 0x00007ff88747d000 	C:\WINDOWS\System32\IMM32.DLL
0x0000000072720000 - 0x00000000727f2000 	C:\Program Files\Java\jdk1.8.0_151\jre\bin\msvcr100.dll
0x00000000709e0000 - 0x000000007127d000 	C:\Program Files\Java\jdk1.8.0_151\jre\bin\server\jvm.dll
0x00007ff887f70000 - 0x00007ff887f78000 	C:\WINDOWS\System32\PSAPI.DLL
0x00007ff87b000000 - 0x00007ff87b009000 	C:\WINDOWS\SYSTEM32\WSOCK32.dll
0x00007ff887d30000 - 0x00007ff887d9c000 	C:\WINDOWS\System32\WS2_32.dll
0x00007ff8833a0000 - 0x00007ff8833c3000 	C:\WINDOWS\SYSTEM32\WINMM.dll
0x00007ff87cbe0000 - 0x00007ff87cbea000 	C:\WINDOWS\SYSTEM32\VERSION.dll
0x00007ff882f40000 - 0x00007ff882f6a000 	C:\WINDOWS\SYSTEM32\WINMMBASE.dll
0x00007ff886000000 - 0x00007ff88604a000 	C:\WINDOWS\System32\cfgmgr32.dll
0x0000000072710000 - 0x000000007271f000 	C:\Program Files\Java\jdk1.8.0_151\jre\bin\verify.dll
0x00000000726e0000 - 0x0000000072709000 	C:\Program Files\Java\jdk1.8.0_151\jre\bin\java.dll
0x0000000072690000 - 0x00000000726b3000 	C:\Program Files\Java\jdk1.8.0_151\jre\bin\instrument.dll
0x00000000726c0000 - 0x00000000726d6000 	C:\Program Files\Java\jdk1.8.0_151\jre\bin\zip.dll
0x00007ff887f80000 - 0x00007ff8893b6000 	C:\WINDOWS\System32\SHELL32.dll
0x00007ff8870b0000 - 0x00007ff887156000 	C:\WINDOWS\System32\shcore.dll
0x00007ff886440000 - 0x00007ff886b87000 	C:\WINDOWS\System32\windows.storage.dll
0x00007ff886d70000 - 0x00007ff886dc1000 	C:\WINDOWS\System32\shlwapi.dll
0x00007ff885c50000 - 0x00007ff885c61000 	C:\WINDOWS\System32\kernel.appcore.dll
0x00007ff885be0000 - 0x00007ff885c2c000 	C:\WINDOWS\System32\powrprof.dll
0x00007ff885c30000 - 0x00007ff885c4b000 	C:\WINDOWS\System32\profapi.dll
0x00007ff87f9c0000 - 0x00007ff87f9da000 	C:\Users\isador\AppData\Local\JetBrains\Toolbox\apps\IDEA-U\ch-0\173.3727.127\bin\breakgen64.dll
0x0000000072580000 - 0x000000007259a000 	C:\Program Files\Java\jdk1.8.0_151\jre\bin\net.dll
0x00007ff885470000 - 0x00007ff8854d6000 	C:\WINDOWS\system32\mswsock.dll
0x0000000004eb0000 - 0x0000000004eb3000 	C:\Program Files\Java\jdk1.8.0_151\jre\bin\api-ms-win-core-console-l1-1-0.dll
0x0000000004ec0000 - 0x0000000004ec3000 	C:\Program Files\Java\jdk1.8.0_151\jre\bin\api-ms-win-core-datetime-l1-1-0.dll
0x0000000004ed0000 - 0x0000000004ed3000 	C:\Program Files\Java\jdk1.8.0_151\jre\bin\api-ms-win-core-debug-l1-1-0.dll
0x000000001c5d0000 - 0x000000001c5d3000 	C:\Program Files\Java\jdk1.8.0_151\jre\bin\api-ms-win-core-errorhandling-l1-1-0.dll
0x000000001c5e0000 - 0x000000001c5e4000 	C:\Program Files\Java\jdk1.8.0_151\jre\bin\api-ms-win-core-file-l1-1-0.dll
0x000000001c5f0000 - 0x000000001c5f3000 	C:\Program Files\Java\jdk1.8.0_151\jre\bin\api-ms-win-core-file-l1-2-0.dll
0x000000001c600000 - 0x000000001c603000 	C:\Program Files\Java\jdk1.8.0_151\jre\bin\api-ms-win-core-file-l2-1-0.dll
0x000000001c610000 - 0x000000001c613000 	C:\Program Files\Java\jdk1.8.0_151\jre\bin\api-ms-win-core-handle-l1-1-0.dll
0x000000001c620000 - 0x000000001c623000 	C:\Program Files\Java\jdk1.8.0_151\jre\bin\api-ms-win-core-heap-l1-1-0.dll
0x000000001c630000 - 0x000000001c633000 	C:\Program Files\Java\jdk1.8.0_151\jre\bin\api-ms-win-core-interlocked-l1-1-0.dll
0x000000001c640000 - 0x000000001c643000 	C:\Program Files\Java\jdk1.8.0_151\jre\bin\api-ms-win-core-libraryloader-l1-1-0.dll
0x000000001c650000 - 0x000000001c653000 	C:\Program Files\Java\jdk1.8.0_151\jre\bin\api-ms-win-core-localization-l1-2-0.dll
0x000000001c660000 - 0x000000001c663000 	C:\Program Files\Java\jdk1.8.0_151\jre\bin\api-ms-win-core-memory-l1-1-0.dll
0x000000001c670000 - 0x000000001c673000 	C:\Program Files\Java\jdk1.8.0_151\jre\bin\api-ms-win-core-namedpipe-l1-1-0.dll
0x000000001c680000 - 0x000000001c683000 	C:\Program Files\Java\jdk1.8.0_151\jre\bin\api-ms-win-core-processenvironment-l1-1-0.dll
0x000000001c690000 - 0x000000001c693000 	C:\Program Files\Java\jdk1.8.0_151\jre\bin\api-ms-win-core-processthreads-l1-1-0.dll
0x000000001c6a0000 - 0x000000001c6a3000 	C:\Program Files\Java\jdk1.8.0_151\jre\bin\api-ms-win-core-processthreads-l1-1-1.dll
0x000000001c6b0000 - 0x000000001c6b3000 	C:\Program Files\Java\jdk1.8.0_151\jre\bin\api-ms-win-core-profile-l1-1-0.dll
0x000000001c6c0000 - 0x000000001c6c3000 	C:\Program Files\Java\jdk1.8.0_151\jre\bin\api-ms-win-core-rtlsupport-l1-1-0.dll
0x000000001c6d0000 - 0x000000001c6d3000 	C:\Program Files\Java\jdk1.8.0_151\jre\bin\api-ms-win-core-string-l1-1-0.dll
0x000000001c6e0000 - 0x000000001c6e3000 	C:\Program Files\Java\jdk1.8.0_151\jre\bin\api-ms-win-core-synch-l1-1-0.dll
0x000000001c6f0000 - 0x000000001c6f3000 	C:\Program Files\Java\jdk1.8.0_151\jre\bin\api-ms-win-core-synch-l1-2-0.dll
0x000000001c700000 - 0x000000001c703000 	C:\Program Files\Java\jdk1.8.0_151\jre\bin\api-ms-win-core-sysinfo-l1-1-0.dll
0x000000001c710000 - 0x000000001c713000 	C:\Program Files\Java\jdk1.8.0_151\jre\bin\api-ms-win-core-timezone-l1-1-0.dll
0x000000001c720000 - 0x000000001c723000 	C:\Program Files\Java\jdk1.8.0_151\jre\bin\api-ms-win-core-util-l1-1-0.dll
0x000000001c730000 - 0x000000001c733000 	C:\Program Files\Java\jdk1.8.0_151\jre\bin\api-ms-win-crt-conio-l1-1-0.dll
0x000000001c740000 - 0x000000001c744000 	C:\Program Files\Java\jdk1.8.0_151\jre\bin\api-ms-win-crt-convert-l1-1-0.dll
0x000000001c750000 - 0x000000001c753000 	C:\Program Files\Java\jdk1.8.0_151\jre\bin\api-ms-win-crt-environment-l1-1-0.dll
0x000000001c760000 - 0x000000001c763000 	C:\Program Files\Java\jdk1.8.0_151\jre\bin\api-ms-win-crt-filesystem-l1-1-0.dll
0x000000001c770000 - 0x000000001c773000 	C:\Program Files\Java\jdk1.8.0_151\jre\bin\api-ms-win-crt-heap-l1-1-0.dll
0x000000001c780000 - 0x000000001c783000 	C:\Program Files\Java\jdk1.8.0_151\jre\bin\api-ms-win-crt-locale-l1-1-0.dll
0x000000001c790000 - 0x000000001c795000 	C:\Program Files\Java\jdk1.8.0_151\jre\bin\api-ms-win-crt-math-l1-1-0.dll
0x000000001c7a0000 - 0x000000001c7a5000 	C:\Program Files\Java\jdk1.8.0_151\jre\bin\api-ms-win-crt-multibyte-l1-1-0.dll
0x000000001c7b0000 - 0x000000001c7c0000 	C:\Program Files\Java\jdk1.8.0_151\jre\bin\api-ms-win-crt-private-l1-1-0.dll
0x000000001c7c0000 - 0x000000001c7c3000 	C:\Program Files\Java\jdk1.8.0_151\jre\bin\api-ms-win-crt-process-l1-1-0.dll
0x000000001c7d0000 - 0x000000001c7d4000 	C:\Program Files\Java\jdk1.8.0_151\jre\bin\api-ms-win-crt-runtime-l1-1-0.dll
0x000000001c7e0000 - 0x000000001c7e4000 	C:\Program Files\Java\jdk1.8.0_151\jre\bin\api-ms-win-crt-stdio-l1-1-0.dll
0x000000001c7f0000 - 0x000000001c7f4000 	C:\Program Files\Java\jdk1.8.0_151\jre\bin\api-ms-win-crt-string-l1-1-0.dll
0x000000001c800000 - 0x000000001c803000 	C:\Program Files\Java\jdk1.8.0_151\jre\bin\api-ms-win-crt-time-l1-1-0.dll
0x000000001c810000 - 0x000000001c813000 	C:\Program Files\Java\jdk1.8.0_151\jre\bin\api-ms-win-crt-utility-l1-1-0.dll
0x00007ff8799f0000 - 0x00007ff879ae6000 	C:\Program Files\Java\jdk1.8.0_151\jre\bin\ucrtbase.dll
0x00007ff87f960000 - 0x00007ff87f9b1000 	C:\Program Files\Java\jdk1.8.0_151\jre\bin\concrt140.dll
0x00007ff87f940000 - 0x00007ff87f956000 	C:\WINDOWS\SYSTEM32\VCRUNTIME140.dll
0x00007ff87b310000 - 0x00007ff87b3af000 	C:\WINDOWS\SYSTEM32\MSVCP140.dll
0x00007ff87f920000 - 0x00007ff87f936000 	C:\Program Files\Java\jdk1.8.0_151\jre\bin\vcruntime140.dll
0x00007ff879950000 - 0x00007ff8799ec000 	C:\Program Files\Java\jdk1.8.0_151\jre\bin\msvcp140.dll
0x0000000072550000 - 0x0000000072573000 	C:\Program Files\Java\jdk1.8.0_151\jre\bin\prism_d3d.dll
0x00007ff87a470000 - 0x00007ff87a605000 	C:\WINDOWS\system32\d3d9.dll
0x00007ff8845b0000 - 0x00007ff8845da000 	C:\WINDOWS\SYSTEM32\dwmapi.dll
0x00007ff884130000 - 0x00007ff8841c5000 	C:\WINDOWS\system32\uxtheme.dll
0x00007ff828510000 - 0x00007ff82c21b000 	C:\WINDOWS\System32\DriverStore\FileRepository\igdlh64.inf_amd64_2e329e8610bbb375\igdumdim64.dll
0x00007ff8878e0000 - 0x00007ff887d2e000 	C:\WINDOWS\System32\SETUPAPI.dll
0x00007ff887760000 - 0x00007ff8878a9000 	C:\WINDOWS\System32\ole32.dll
0x00007ff887da0000 - 0x00007ff887e65000 	C:\WINDOWS\System32\OLEAUT32.dll
0x0000000072500000 - 0x0000000072549000 	C:\Program Files\Java\jdk1.8.0_151\jre\bin\glass.dll
0x00007ff8874a0000 - 0x00007ff8875aa000 	C:\WINDOWS\System32\COMDLG32.dll
0x00007ff887160000 - 0x00007ff8872c7000 	C:\WINDOWS\System32\MSCTF.dll
0x00007ff87b5d0000 - 0x00007ff87cbdc000 	C:\WINDOWS\System32\DriverStore\FileRepository\igdlh64.inf_amd64_2e329e8610bbb375\igc64.dll
0x00000000724e0000 - 0x00000000724f1000 	C:\Program Files\Java\jdk1.8.0_151\jre\bin\nio.dll
0x00007ff879db0000 - 0x00007ff879e0b000 	C:\Users\isador\AppData\Local\Temp\lwjglisador\3.1.6-build-14\lwjgl.dll
0x00007ff8798f0000 - 0x00007ff879941000 	C:\Users\isador\AppData\Local\Temp\lwjglisador\3.1.6-build-14\glfw.dll
0x00007ff877db0000 - 0x00007ff877df3000 	C:\WINDOWS\SYSTEM32\dinput8.dll
0x00007ff882920000 - 0x00007ff882930000 	C:\WINDOWS\SYSTEM32\xinput1_4.dll
0x00007ff8859f0000 - 0x00007ff885a17000 	C:\WINDOWS\SYSTEM32\DEVOBJ.dll
0x00007ff87f130000 - 0x00007ff87f15e000 	C:\WINDOWS\SYSTEM32\inputhost.dll
0x00007ff882b40000 - 0x00007ff882c1c000 	C:\WINDOWS\SYSTEM32\CoreMessaging.dll
0x00007ff880910000 - 0x00007ff880bfe000 	C:\WINDOWS\SYSTEM32\CoreUIComponents.dll
0x00007ff884d40000 - 0x00007ff884d71000 	C:\WINDOWS\SYSTEM32\ntmarta.dll
0x00007ff881cd0000 - 0x00007ff881e06000 	C:\WINDOWS\SYSTEM32\wintypes.dll
0x00007ff884990000 - 0x00007ff88499c000 	C:\WINDOWS\SYSTEM32\HID.DLL
0x00007ff885c90000 - 0x00007ff885ce8000 	C:\WINDOWS\System32\WINTRUST.dll
0x00007ff885c70000 - 0x00007ff885c82000 	C:\WINDOWS\System32\MSASN1.dll
0x00007ff886b90000 - 0x00007ff886d5e000 	C:\WINDOWS\System32\CRYPT32.dll
0x00007ff877740000 - 0x00007ff87785e000 	C:\WINDOWS\SYSTEM32\opengl32.dll
0x00007ff879560000 - 0x00007ff87958c000 	C:\WINDOWS\SYSTEM32\GLU32.dll
0x00007ff83f130000 - 0x00007ff840040000 	C:\WINDOWS\System32\DriverStore\FileRepository\igdlh64.inf_amd64_2e329e8610bbb375\ig9icd64.dll
0x00007ff882970000 - 0x00007ff882983000 	C:\WINDOWS\SYSTEM32\WTSAPI32.dll
0x00007ff884a40000 - 0x00007ff884aef000 	C:\WINDOWS\SYSTEM32\dxgi.dll
0x00007ff877e00000 - 0x00007ff877e98000 	C:\WINDOWS\System32\TextInputFramework.dll
0x00000000724c0000 - 0x00000000724d4000 	C:\Program Files\Java\jdk1.8.0_151\jre\bin\javafx_font.dll
0x00007ff8627e0000 - 0x00007ff862af0000 	C:\WINDOWS\SYSTEM32\dwrite.dll
0x00007ff887e70000 - 0x00007ff887f0e000 	C:\WINDOWS\System32\clbcatq.dll
0x00007ff881110000 - 0x00007ff8812bb000 	C:\WINDOWS\SYSTEM32\WindowsCodecs.dll
0x00007ff879680000 - 0x00007ff8796cf000 	C:\WINDOWS\system32\dataexchange.dll
0x00007ff883d80000 - 0x00007ff883ec2000 	C:\WINDOWS\system32\dcomp.dll
0x00007ff882c20000 - 0x00007ff882f02000 	C:\WINDOWS\system32\d3d11.dll
0x00007ff884430000 - 0x00007ff8845ab000 	C:\WINDOWS\system32\twinapi.appcore.dll

VM Arguments:
jvm_args: -javaagent:C:\Users\isador\AppData\Local\JetBrains\Toolbox\apps\IDEA-U\ch-0\173.3727.127\lib\idea_rt.jar=58033:C:\Users\isador\AppData\Local\JetBrains\Toolbox\apps\IDEA-U\ch-0\173.3727.127\bin -Dfile.encoding=UTF-8 
java_command: fr.quinonero.gui.FxmlReader
java_class_path (initial): C:\Program Files\Java\jdk1.8.0_151\jre\lib\charsets.jar;C:\Program Files\Java\jdk1.8.0_151\jre\lib\deploy.jar;C:\Program Files\Java\jdk1.8.0_151\jre\lib\ext\access-bridge-64.jar;C:\Program Files\Java\jdk1.8.0_151\jre\lib\ext\cldrdata.jar;C:\Program Files\Java\jdk1.8.0_151\jre\lib\ext\dnsns.jar;C:\Program Files\Java\jdk1.8.0_151\jre\lib\ext\jaccess.jar;C:\Program Files\Java\jdk1.8.0_151\jre\lib\ext\jfxrt.jar;C:\Program Files\Java\jdk1.8.0_151\jre\lib\ext\localedata.jar;C:\Program Files\Java\jdk1.8.0_151\jre\lib\ext\nashorn.jar;C:\Program Files\Java\jdk1.8.0_151\jre\lib\ext\sunec.jar;C:\Program Files\Java\jdk1.8.0_151\jre\lib\ext\sunjce_provider.jar;C:\Program Files\Java\jdk1.8.0_151\jre\lib\ext\sunmscapi.jar;C:\Program Files\Java\jdk1.8.0_151\jre\lib\ext\sunpkcs11.jar;C:\Program Files\Java\jdk1.8.0_151\jre\lib\ext\zipfs.jar;C:\Program Files\Java\jdk1.8.0_151\jre\lib\javaws.jar;C:\Program Files\Java\jdk1.8.0_151\jre\lib\jce.jar;C:\Program Files\Java\jdk1.8.0_151\jre\lib\jfr.jar;C:\Program Files\Java\jdk1.8.0_151\jre\lib\jfxswt.jar;C:\Program Files\Java\jdk1.8.0_151\jre\lib\jsse.jar;C:\Program Files\Java\jdk1.8.0_151\jre\lib\management-agent.jar;C:\Program Files\Java\jdk1.8.0_151\jre\lib\plugin.jar;C:\Program Files\Java\jdk1.8.0_151\jre\lib\resources.jar;C:\Program Files\Java\jdk1.8.0_151\jre\lib\rt.jar;C:\Users\isador\IdeaProject\electrowave-simulator\out\production\classes;C:\Users\isador\IdeaProject\electrowave-simulator\out\production\resources;C:\Users\isador\.gradle\caches\modules-2\files-2.1\org.lwjgl\lwjgl-assimp\3.1.6\11420947d50dbfd70cb942a1e768a6f0b0336a95\lwjgl-assimp-3.1.6.jar;C:\Users\isador\.gradle\caches\modules-2\files-2.1\org.lwjgl\lwjgl-openvr\3.1.6\393ed9c27af2ffe4b4917412a60201b1b9516171\lwjgl-openvr-3.1.6-natives-windows.jar;C:\Users\isador\.gradle\caches\modules-2\files-2.1\org.lwjgl\lwjgl-bgfx\3.1.6\f90fb13936616d16b2adcd9a24671a68c2070aed\lwjgl-bgfx-3.1.6.jar;C:\Users\isador\.gradle\caches\modules-2\files-2.1\org.lw
Launcher Type: SUN_STANDARD

Environment Variables:
PATH=C:\ProgramData\Oracle\Java\javapath;C:\Windows\system32;C:\Windows;C:\Windows\System32\Wbem;C:\Windows\System32\WindowsPowerShell\v1.0\;C:\Program Files\Git\cmd;C:\Program Files (x86)\NVIDIA Corporation\PhysX\Common;C:\WINDOWS\system32;C:\WINDOWS;C:\WINDOWS\System32\Wbem;C:\WINDOWS\System32\WindowsPowerShell\v1.0\;C:\cygwin64\bin\;C:\Users\isador\AppData\Local\bin\NASM\;C:\Program Files\Microsoft SQL Server\Client SDK\ODBC\110\Tools\Binn\;C:\Program Files (x86)\Microsoft SQL Server\120\Tools\Binn\;C:\Program Files\Microsoft SQL Server\120\Tools\Binn\;C:\Program Files\Microsoft SQL Server\120\DTS\Binn\;C:\Program Files (x86)\Windows Kits\8.1\Windows Performance Toolkit\;C:\Users\isador\AppData\Local\Microsoft\WindowsApps;
USERNAME=isador
OS=Windows_NT
PROCESSOR_IDENTIFIER=Intel64 Family 6 Model 94 Stepping 3, GenuineIntel



---------------  S Y S T E M  ---------------

OS: Windows 10.0 , 64 bit Build 16299 (10.0.16299.15)

CPU:total 4 (initial active 4) (4 cores per cpu, 1 threads per core) family 6 model 94 stepping 3, cmov, cx8, fxsr, mmx, sse, sse2, sse3, ssse3, sse4.1, sse4.2, popcnt, avx, avx2, aes, clmul, erms, rtm, 3dnowpref, lzcnt, tsc, tscinvbit, bmi1, bmi2, adx

Memory: 4k page, physical 8290884k(3255832k free), swap 10511084k(3925032k free)

vm_info: Java HotSpot(TM) 64-Bit Server VM (25.151-b12) for windows-amd64 JRE (1.8.0_151-b12), built on Sep  5 2017 19:33:46 by "java_re" with MS VC++ 10.0 (VS2010)

time: Mon Apr 23 19:03:52 2018
elapsed time: 3 seconds (0d 0h 0m 3s)

